  [2m2026-05-03T18:49:50.671594Z[0m [32m INFO[0m [1;32mrch::hook[0m[32m: [32mSelected worker: ts2 at ubuntu@192.168.1.124 (28 slots, speed 50.0)[0m
    [2;3mat[0m rch/src/hook.rs:314 [2;3mon[0m ThreadId(1)

  [2m2026-05-03T18:49:50.988101Z[0m [32m INFO[0m [1;32mrch::hook[0m[32m: [32mStarting remote compilation pipeline for frankenfs (hash: 85b7e757d4cf61cc)[0m
    [2;3mat[0m rch/src/hook.rs:4933 [2;3mon[0m ThreadId(1)

  [2m2026-05-03T18:49:50.988207Z[0m [32m INFO[0m [1;32mrch::hook[0m[32m: [32mPrepared dependency sync manifest for 23 roots[0m
    [2;3mat[0m rch/src/hook.rs:4955 [2;3mon[0m ThreadId(1)

  [2m2026-05-03T18:49:54.551295Z[0m [32m INFO[0m [1;32mrch::hook[0m[32m: [32mSyncing project to worker ts2...[0m
    [2;3mat[0m rch/src/hook.rs:4982 [2;3mon[0m ThreadId(1)

  [2m2026-05-03T18:49:54.551368Z[0m [32m INFO[0m [1;32mrch::transfer[0m[32m: [32mSyncing /data/projects/frankenfs -> /data/projects/frankenfs on ts2[0m
    [2;3mat[0m rch/src/transfer.rs:1031 [2;3mon[0m ThreadId(1)

  [2m2026-05-03T18:49:56.435626Z[0m [32m INFO[0m [1;32mrch::transfer[0m[32m: [32mSync completed in 1884ms[0m
    [2;3mat[0m rch/src/transfer.rs:1100 [2;3mon[0m ThreadId(1)

  [2m2026-05-03T18:49:56.435769Z[0m [32m INFO[0m [1;32mrch::transfer[0m[32m: [32mSyncing /data/projects/frankenfs/crates/ffs -> /data/projects/frankenfs/crates/ffs on ts2[0m
    [2;3mat[0m rch/src/transfer.rs:1031 [2;3mon[0m ThreadId(1)

  [2m2026-05-03T18:49:56.745995Z[0m [32m INFO[0m [1;32mrch::transfer[0m[32m: [32mSync completed in 310ms[0m
    [2;3mat[0m rch/src/transfer.rs:1100 [2;3mon[0m ThreadId(1)

  [2m2026-05-03T18:49:56.746114Z[0m [32m INFO[0m [1;32mrch::transfer[0m[32m: [32mSyncing /data/projects/frankenfs/crates/ffs-alloc -> /data/projects/frankenfs/crates/ffs-alloc on ts2[0m
    [2;3mat[0m rch/src/transfer.rs:1031 [2;3mon[0m ThreadId(1)

  [2m2026-05-03T18:49:57.054647Z[0m [32m INFO[0m [1;32mrch::transfer[0m[32m: [32mSync completed in 308ms[0m
    [2;3mat[0m rch/src/transfer.rs:1100 [2;3mon[0m ThreadId(1)

  [2m2026-05-03T18:49:57.054739Z[0m [32m INFO[0m [1;32mrch::transfer[0m[32m: [32mSyncing /data/projects/frankenfs/crates/ffs-block -> /data/projects/frankenfs/crates/ffs-block on ts2[0m
    [2;3mat[0m rch/src/transfer.rs:1031 [2;3mon[0m ThreadId(1)

  [2m2026-05-03T18:49:57.355547Z[0m [32m INFO[0m [1;32mrch::transfer[0m[32m: [32mSync completed in 300ms[0m
    [2;3mat[0m rch/src/transfer.rs:1100 [2;3mon[0m ThreadId(1)

  [2m2026-05-03T18:49:57.355670Z[0m [32m INFO[0m [1;32mrch::transfer[0m[32m: [32mSyncing /data/projects/frankenfs/crates/ffs-btree -> /data/projects/frankenfs/crates/ffs-btree on ts2[0m
    [2;3mat[0m rch/src/transfer.rs:1031 [2;3mon[0m ThreadId(1)

  [2m2026-05-03T18:49:57.665223Z[0m [32m INFO[0m [1;32mrch::transfer[0m[32m: [32mSync completed in 309ms[0m
    [2;3mat[0m rch/src/transfer.rs:1100 [2;3mon[0m ThreadId(1)

  [2m2026-05-03T18:49:57.665328Z[0m [32m INFO[0m [1;32mrch::transfer[0m[32m: [32mSyncing /data/projects/frankenfs/crates/ffs-btrfs -> /data/projects/frankenfs/crates/ffs-btrfs on ts2[0m
    [2;3mat[0m rch/src/transfer.rs:1031 [2;3mon[0m ThreadId(1)

  [2m2026-05-03T18:49:57.969162Z[0m [32m INFO[0m [1;32mrch::transfer[0m[32m: [32mSync completed in 303ms[0m
    [2;3mat[0m rch/src/transfer.rs:1100 [2;3mon[0m ThreadId(1)

  [2m2026-05-03T18:49:57.969326Z[0m [32m INFO[0m [1;32mrch::transfer[0m[32m: [32mSyncing /data/projects/frankenfs/crates/ffs-cli -> /data/projects/frankenfs/crates/ffs-cli on ts2[0m
    [2;3mat[0m rch/src/transfer.rs:1031 [2;3mon[0m ThreadId(1)

  [2m2026-05-03T18:49:58.280564Z[0m [32m INFO[0m [1;32mrch::transfer[0m[32m: [32mSync completed in 311ms[0m
    [2;3mat[0m rch/src/transfer.rs:1100 [2;3mon[0m ThreadId(1)

  [2m2026-05-03T18:49:58.280672Z[0m [32m INFO[0m [1;32mrch::transfer[0m[32m: [32mSyncing /data/projects/frankenfs/crates/ffs-core -> /data/projects/frankenfs/crates/ffs-core on ts2[0m
    [2;3mat[0m rch/src/transfer.rs:1031 [2;3mon[0m ThreadId(1)

  [2m2026-05-03T18:49:58.589239Z[0m [32m INFO[0m [1;32mrch::transfer[0m[32m: [32mSync completed in 308ms[0m
    [2;3mat[0m rch/src/transfer.rs:1100 [2;3mon[0m ThreadId(1)

  [2m2026-05-03T18:49:58.589342Z[0m [32m INFO[0m [1;32mrch::transfer[0m[32m: [32mSyncing /data/projects/frankenfs/crates/ffs-dir -> /data/projects/frankenfs/crates/ffs-dir on ts2[0m
    [2;3mat[0m rch/src/transfer.rs:1031 [2;3mon[0m ThreadId(1)

  [2m2026-05-03T18:49:58.898679Z[0m [32m INFO[0m [1;32mrch::transfer[0m[32m: [32mSync completed in 309ms[0m
    [2;3mat[0m rch/src/transfer.rs:1100 [2;3mon[0m ThreadId(1)

  [2m2026-05-03T18:49:58.898775Z[0m [32m INFO[0m [1;32mrch::transfer[0m[32m: [32mSyncing /data/projects/frankenfs/crates/ffs-error -> /data/projects/frankenfs/crates/ffs-error on ts2[0m
    [2;3mat[0m rch/src/transfer.rs:1031 [2;3mon[0m ThreadId(1)

  [2m2026-05-03T18:49:59.212880Z[0m [32m INFO[0m [1;32mrch::transfer[0m[32m: [32mSync completed in 314ms[0m
    [2;3mat[0m rch/src/transfer.rs:1100 [2;3mon[0m ThreadId(1)

  [2m2026-05-03T18:49:59.213002Z[0m [32m INFO[0m [1;32mrch::transfer[0m[32m: [32mSyncing /data/projects/frankenfs/crates/ffs-ext4 -> /data/projects/frankenfs/crates/ffs-ext4 on ts2[0m
    [2;3mat[0m rch/src/transfer.rs:1031 [2;3mon[0m ThreadId(1)

  [2m2026-05-03T18:49:59.530134Z[0m [32m INFO[0m [1;32mrch::transfer[0m[32m: [32mSync completed in 317ms[0m
    [2;3mat[0m rch/src/transfer.rs:1100 [2;3mon[0m ThreadId(1)

  [2m2026-05-03T18:49:59.530277Z[0m [32m INFO[0m [1;32mrch::transfer[0m[32m: [32mSyncing /data/projects/frankenfs/crates/ffs-extent -> /data/projects/frankenfs/crates/ffs-extent on ts2[0m
    [2;3mat[0m rch/src/transfer.rs:1031 [2;3mon[0m ThreadId(1)

  [2m2026-05-03T18:49:59.828198Z[0m [32m INFO[0m [1;32mrch::transfer[0m[32m: [32mSync completed in 297ms[0m
    [2;3mat[0m rch/src/transfer.rs:1100 [2;3mon[0m ThreadId(1)

  [2m2026-05-03T18:49:59.828318Z[0m [32m INFO[0m [1;32mrch::transfer[0m[32m: [32mSyncing /data/projects/frankenfs/crates/ffs-fuse -> /data/projects/frankenfs/crates/ffs-fuse on ts2[0m
    [2;3mat[0m rch/src/transfer.rs:1031 [2;3mon[0m ThreadId(1)

  [2m2026-05-03T18:50:00.129969Z[0m [32m INFO[0m [1;32mrch::transfer[0m[32m: [32mSync completed in 301ms[0m
    [2;3mat[0m rch/src/transfer.rs:1100 [2;3mon[0m ThreadId(1)

  [2m2026-05-03T18:50:00.130085Z[0m [32m INFO[0m [1;32mrch::transfer[0m[32m: [32mSyncing /data/projects/frankenfs/crates/ffs-harness -> /data/projects/frankenfs/crates/ffs-harness on ts2[0m
    [2;3mat[0m rch/src/transfer.rs:1031 [2;3mon[0m ThreadId(1)

  [2m2026-05-03T18:50:00.432880Z[0m [32m INFO[0m [1;32mrch::transfer[0m[32m: [32mSync completed in 302ms[0m
    [2;3mat[0m rch/src/transfer.rs:1100 [2;3mon[0m ThreadId(1)

  [2m2026-05-03T18:50:00.432974Z[0m [32m INFO[0m [1;32mrch::transfer[0m[32m: [32mSyncing /data/projects/frankenfs/crates/ffs-inode -> /data/projects/frankenfs/crates/ffs-inode on ts2[0m
    [2;3mat[0m rch/src/transfer.rs:1031 [2;3mon[0m ThreadId(1)

  [2m2026-05-03T18:50:00.736440Z[0m [32m INFO[0m [1;32mrch::transfer[0m[32m: [32mSync completed in 303ms[0m
    [2;3mat[0m rch/src/transfer.rs:1100 [2;3mon[0m ThreadId(1)

  [2m2026-05-03T18:50:00.736577Z[0m [32m INFO[0m [1;32mrch::transfer[0m[32m: [32mSyncing /data/projects/frankenfs/crates/ffs-journal -> /data/projects/frankenfs/crates/ffs-journal on ts2[0m
    [2;3mat[0m rch/src/transfer.rs:1031 [2;3mon[0m ThreadId(1)

  [2m2026-05-03T18:50:01.041403Z[0m [32m INFO[0m [1;32mrch::transfer[0m[32m: [32mSync completed in 304ms[0m
    [2;3mat[0m rch/src/transfer.rs:1100 [2;3mon[0m ThreadId(1)

  [2m2026-05-03T18:50:01.041540Z[0m [32m INFO[0m [1;32mrch::transfer[0m[32m: [32mSyncing /data/projects/frankenfs/crates/ffs-mvcc -> /data/projects/frankenfs/crates/ffs-mvcc on ts2[0m
    [2;3mat[0m rch/src/transfer.rs:1031 [2;3mon[0m ThreadId(1)

  [2m2026-05-03T18:50:01.370884Z[0m [32m INFO[0m [1;32mrch::transfer[0m[32m: [32mSync completed in 329ms[0m
    [2;3mat[0m rch/src/transfer.rs:1100 [2;3mon[0m ThreadId(1)

  [2m2026-05-03T18:50:01.370987Z[0m [32m INFO[0m [1;32mrch::transfer[0m[32m: [32mSyncing /data/projects/frankenfs/crates/ffs-ondisk -> /data/projects/frankenfs/crates/ffs-ondisk on ts2[0m
    [2;3mat[0m rch/src/transfer.rs:1031 [2;3mon[0m ThreadId(1)

  [2m2026-05-03T18:50:01.683520Z[0m [32m INFO[0m [1;32mrch::transfer[0m[32m: [32mSync completed in 312ms[0m
    [2;3mat[0m rch/src/transfer.rs:1100 [2;3mon[0m ThreadId(1)

  [2m2026-05-03T18:50:01.683624Z[0m [32m INFO[0m [1;32mrch::transfer[0m[32m: [32mSyncing /data/projects/frankenfs/crates/ffs-repair -> /data/projects/frankenfs/crates/ffs-repair on ts2[0m
    [2;3mat[0m rch/src/transfer.rs:1031 [2;3mon[0m ThreadId(1)

  [2m2026-05-03T18:50:01.991791Z[0m [32m INFO[0m [1;32mrch::transfer[0m[32m: [32mSync completed in 308ms[0m
    [2;3mat[0m rch/src/transfer.rs:1100 [2;3mon[0m ThreadId(1)

  [2m2026-05-03T18:50:01.991907Z[0m [32m INFO[0m [1;32mrch::transfer[0m[32m: [32mSyncing /data/projects/frankenfs/crates/ffs-tui -> /data/projects/frankenfs/crates/ffs-tui on ts2[0m
    [2;3mat[0m rch/src/transfer.rs:1031 [2;3mon[0m ThreadId(1)

  [2m2026-05-03T18:50:02.299657Z[0m [32m INFO[0m [1;32mrch::transfer[0m[32m: [32mSync completed in 307ms[0m
    [2;3mat[0m rch/src/transfer.rs:1100 [2;3mon[0m ThreadId(1)

  [2m2026-05-03T18:50:02.299807Z[0m [32m INFO[0m [1;32mrch::transfer[0m[32m: [32mSyncing /data/projects/frankenfs/crates/ffs-types -> /data/projects/frankenfs/crates/ffs-types on ts2[0m
    [2;3mat[0m rch/src/transfer.rs:1031 [2;3mon[0m ThreadId(1)

  [2m2026-05-03T18:50:02.610242Z[0m [32m INFO[0m [1;32mrch::transfer[0m[32m: [32mSync completed in 310ms[0m
    [2;3mat[0m rch/src/transfer.rs:1100 [2;3mon[0m ThreadId(1)

  [2m2026-05-03T18:50:02.610372Z[0m [32m INFO[0m [1;32mrch::transfer[0m[32m: [32mSyncing /data/projects/frankenfs/crates/ffs-xattr -> /data/projects/frankenfs/crates/ffs-xattr on ts2[0m
    [2;3mat[0m rch/src/transfer.rs:1031 [2;3mon[0m ThreadId(1)

  [2m2026-05-03T18:50:02.922974Z[0m [32m INFO[0m [1;32mrch::transfer[0m[32m: [32mSync completed in 312ms[0m
    [2;3mat[0m rch/src/transfer.rs:1100 [2;3mon[0m ThreadId(1)

  [2m2026-05-03T18:50:02.923102Z[0m [32m INFO[0m [1;32mrch::transfer[0m[32m: [32mSyncing /data/projects/frankenfs/vendor/fuser -> /data/projects/frankenfs/vendor/fuser on ts2[0m
    [2;3mat[0m rch/src/transfer.rs:1031 [2;3mon[0m ThreadId(1)

  [2m2026-05-03T18:50:03.238536Z[0m [32m INFO[0m [1;32mrch::transfer[0m[32m: [32mSync completed in 315ms[0m
    [2;3mat[0m rch/src/transfer.rs:1100 [2;3mon[0m ThreadId(1)

  [2m2026-05-03T18:50:03.238578Z[0m [32m INFO[0m [1;32mrch::hook[0m[32m: [32mSync complete: 28961 files, 1354777 bytes in 8673ms[0m
    [2;3mat[0m rch/src/hook.rs:5142 [2;3mon[0m ThreadId(1)

  [2m2026-05-03T18:50:03.509218Z[0m [32m INFO[0m [1;32mrch::hook[0m[32m: [32mExecuting command remotely: cargo bench --profile release-perf -p ffs-mvcc --bench wal_throughput -- wal_write_amplification_1block[0m
    [2;3mat[0m rch/src/hook.rs:5169 [2;3mon[0m ThreadId(1)

  [2m2026-05-03T18:50:03.509249Z[0m [32m INFO[0m [1;32mrch::transfer[0m[32m: [32mRewriting CARGO_TARGET_DIR for remote execution (worker-scoped path): /data/tmp/rch_target_frankenfs_bd_rchk5_2 -> /data/projects/frankenfs/.rch-target[0m
    [2;3mat[0m rch/src/transfer.rs:499 [2;3mon[0m ThreadId(1)

    Finished `release-perf` profile [optimized] target(s) in 0.15s
     Running benches/wal_throughput.rs (.rch-target/release-perf/deps/wal_throughput-3ec44fff26e7599c)
Gnuplot not found, using plotters backend
Benchmarking wal_write_amplification_1block
Benchmarking wal_write_amplification_1block: Warming up for 3.0000 s
Benchmarking wal_write_amplification_1block: Collecting 100 samples in estimated 5.1485 s (900 iterations)
Benchmarking wal_write_amplification_1block: Analyzing
wal_write_amplification_1block
                        time:   [6.4308 ms 6.6489 ms 6.8703 ms]
                        change: [−32.394% −22.965% −12.539%] (p = 0.00 < 0.05)
                        Performance has improved.
Found 3 outliers among 100 measurements (3.00%)
  3 (3.00%) high mild

  [2m2026-05-03T18:50:18.897099Z[0m [32m INFO[0m [1;32mrch::hook[0m[32m: [32mRemote command finished: exit=0 in 15387ms[0m
    [2;3mat[0m rch/src/hook.rs:5290 [2;3mon[0m ThreadId(1)

  [2m2026-05-03T18:50:18.897442Z[0m [32m INFO[0m [1;32mrch::hook[0m[32m: [32mRetrieving build artifacts...[0m
    [2;3mat[0m rch/src/hook.rs:5339 [2;3mon[0m ThreadId(1)

  [2m2026-05-03T18:50:18.897457Z[0m [32m INFO[0m [1;32mrch::transfer[0m[32m: [32mRetrieving artifacts from /data/projects/frankenfs on ts2[0m
    [2;3mat[0m rch/src/transfer.rs:1716 [2;3mon[0m ThreadId(1)

  [2m2026-05-03T18:50:19.275989Z[0m [32m INFO[0m [1;32mrch::transfer[0m[32m: [32mArtifacts retrieved in 378ms (582 files, 324 bytes)[0m
    [2;3mat[0m rch/src/transfer.rs:1755 [2;3mon[0m ThreadId(1)

  [2m2026-05-03T18:50:19.276014Z[0m [32m INFO[0m [1;32mrch::hook[0m[32m: [32mArtifacts retrieved: 582 files, 324 bytes in 378ms[0m
    [2;3mat[0m rch/src/hook.rs:5372 [2;3mon[0m ThreadId(1)

  [2m2026-05-03T18:50:19.276081Z[0m [32m INFO[0m [1;32mrch::transfer[0m[32m: [32mRetrieving artifacts from /data/projects/frankenfs/.rch-target on ts2[0m
    [2;3mat[0m rch/src/transfer.rs:1716 [2;3mon[0m ThreadId(1)

  [2m2026-05-03T18:50:19.913575Z[0m [32m INFO[0m [1;32mrch::transfer[0m[32m: [32mArtifacts retrieved in 637ms (38185 files, 2968 bytes)[0m
    [2;3mat[0m rch/src/transfer.rs:1755 [2;3mon[0m ThreadId(1)

  [2m2026-05-03T18:50:19.913600Z[0m [32m INFO[0m [1;32mrch::hook[0m[32m: [32mCustom CARGO_TARGET_DIR artifacts retrieved: 38185 files, 2968 bytes in 637ms[0m
    [2;3mat[0m rch/src/hook.rs:5490 [2;3mon[0m ThreadId(1)

[RCH] remote ts2 (29.2s)
