  [2m2026-05-03T19:15:05.363089Z[0m [32m INFO[0m [1;32mrch::hook[0m[32m: [32mSelected worker: ts2 at ubuntu@192.168.1.124 (28 slots, speed 50.0)[0m
    [2;3mat[0m rch/src/hook.rs:314 [2;3mon[0m ThreadId(1)

  [2m2026-05-03T19:15:05.676799Z[0m [32m INFO[0m [1;32mrch::hook[0m[32m: [32mStarting remote compilation pipeline for frankenfs (hash: 85b7e757d4cf61cc)[0m
    [2;3mat[0m rch/src/hook.rs:4933 [2;3mon[0m ThreadId(1)

  [2m2026-05-03T19:15:05.676849Z[0m [32m INFO[0m [1;32mrch::hook[0m[32m: [32mPrepared dependency sync manifest for 23 roots[0m
    [2;3mat[0m rch/src/hook.rs:4955 [2;3mon[0m ThreadId(1)

  [2m2026-05-03T19:15:06.615538Z[0m [32m INFO[0m [1;32mrch::hook[0m[32m: [32mSyncing project to worker ts2...[0m
    [2;3mat[0m rch/src/hook.rs:4982 [2;3mon[0m ThreadId(1)

  [2m2026-05-03T19:15:06.615621Z[0m [32m INFO[0m [1;32mrch::transfer[0m[32m: [32mSyncing /data/projects/frankenfs -> /data/projects/frankenfs on ts2[0m
    [2;3mat[0m rch/src/transfer.rs:1031 [2;3mon[0m ThreadId(1)

  [2m2026-05-03T19:15:07.253969Z[0m [32m INFO[0m [1;32mrch::transfer[0m[32m: [32mSync completed in 638ms[0m
    [2;3mat[0m rch/src/transfer.rs:1100 [2;3mon[0m ThreadId(1)

  [2m2026-05-03T19:15:07.254069Z[0m [32m INFO[0m [1;32mrch::transfer[0m[32m: [32mSyncing /data/projects/frankenfs/crates/ffs -> /data/projects/frankenfs/crates/ffs on ts2[0m
    [2;3mat[0m rch/src/transfer.rs:1031 [2;3mon[0m ThreadId(1)

  [2m2026-05-03T19:15:07.565895Z[0m [32m INFO[0m [1;32mrch::transfer[0m[32m: [32mSync completed in 311ms[0m
    [2;3mat[0m rch/src/transfer.rs:1100 [2;3mon[0m ThreadId(1)

  [2m2026-05-03T19:15:07.566001Z[0m [32m INFO[0m [1;32mrch::transfer[0m[32m: [32mSyncing /data/projects/frankenfs/crates/ffs-alloc -> /data/projects/frankenfs/crates/ffs-alloc on ts2[0m
    [2;3mat[0m rch/src/transfer.rs:1031 [2;3mon[0m ThreadId(1)

  [2m2026-05-03T19:15:07.876295Z[0m [32m INFO[0m [1;32mrch::transfer[0m[32m: [32mSync completed in 310ms[0m
    [2;3mat[0m rch/src/transfer.rs:1100 [2;3mon[0m ThreadId(1)

  [2m2026-05-03T19:15:07.876402Z[0m [32m INFO[0m [1;32mrch::transfer[0m[32m: [32mSyncing /data/projects/frankenfs/crates/ffs-block -> /data/projects/frankenfs/crates/ffs-block on ts2[0m
    [2;3mat[0m rch/src/transfer.rs:1031 [2;3mon[0m ThreadId(1)

  [2m2026-05-03T19:15:08.185055Z[0m [32m INFO[0m [1;32mrch::transfer[0m[32m: [32mSync completed in 308ms[0m
    [2;3mat[0m rch/src/transfer.rs:1100 [2;3mon[0m ThreadId(1)

  [2m2026-05-03T19:15:08.185180Z[0m [32m INFO[0m [1;32mrch::transfer[0m[32m: [32mSyncing /data/projects/frankenfs/crates/ffs-btree -> /data/projects/frankenfs/crates/ffs-btree on ts2[0m
    [2;3mat[0m rch/src/transfer.rs:1031 [2;3mon[0m ThreadId(1)

  [2m2026-05-03T19:15:08.492159Z[0m [32m INFO[0m [1;32mrch::transfer[0m[32m: [32mSync completed in 306ms[0m
    [2;3mat[0m rch/src/transfer.rs:1100 [2;3mon[0m ThreadId(1)

  [2m2026-05-03T19:15:08.492261Z[0m [32m INFO[0m [1;32mrch::transfer[0m[32m: [32mSyncing /data/projects/frankenfs/crates/ffs-btrfs -> /data/projects/frankenfs/crates/ffs-btrfs on ts2[0m
    [2;3mat[0m rch/src/transfer.rs:1031 [2;3mon[0m ThreadId(1)

  [2m2026-05-03T19:15:08.794556Z[0m [32m INFO[0m [1;32mrch::transfer[0m[32m: [32mSync completed in 302ms[0m
    [2;3mat[0m rch/src/transfer.rs:1100 [2;3mon[0m ThreadId(1)

  [2m2026-05-03T19:15:08.794660Z[0m [32m INFO[0m [1;32mrch::transfer[0m[32m: [32mSyncing /data/projects/frankenfs/crates/ffs-cli -> /data/projects/frankenfs/crates/ffs-cli on ts2[0m
    [2;3mat[0m rch/src/transfer.rs:1031 [2;3mon[0m ThreadId(1)

  [2m2026-05-03T19:15:09.102132Z[0m [32m INFO[0m [1;32mrch::transfer[0m[32m: [32mSync completed in 307ms[0m
    [2;3mat[0m rch/src/transfer.rs:1100 [2;3mon[0m ThreadId(1)

  [2m2026-05-03T19:15:09.102239Z[0m [32m INFO[0m [1;32mrch::transfer[0m[32m: [32mSyncing /data/projects/frankenfs/crates/ffs-core -> /data/projects/frankenfs/crates/ffs-core on ts2[0m
    [2;3mat[0m rch/src/transfer.rs:1031 [2;3mon[0m ThreadId(1)

  [2m2026-05-03T19:15:09.420662Z[0m [32m INFO[0m [1;32mrch::transfer[0m[32m: [32mSync completed in 318ms[0m
    [2;3mat[0m rch/src/transfer.rs:1100 [2;3mon[0m ThreadId(1)

  [2m2026-05-03T19:15:09.420774Z[0m [32m INFO[0m [1;32mrch::transfer[0m[32m: [32mSyncing /data/projects/frankenfs/crates/ffs-dir -> /data/projects/frankenfs/crates/ffs-dir on ts2[0m
    [2;3mat[0m rch/src/transfer.rs:1031 [2;3mon[0m ThreadId(1)

  [2m2026-05-03T19:15:09.727233Z[0m [32m INFO[0m [1;32mrch::transfer[0m[32m: [32mSync completed in 306ms[0m
    [2;3mat[0m rch/src/transfer.rs:1100 [2;3mon[0m ThreadId(1)

  [2m2026-05-03T19:15:09.727336Z[0m [32m INFO[0m [1;32mrch::transfer[0m[32m: [32mSyncing /data/projects/frankenfs/crates/ffs-error -> /data/projects/frankenfs/crates/ffs-error on ts2[0m
    [2;3mat[0m rch/src/transfer.rs:1031 [2;3mon[0m ThreadId(1)

  [2m2026-05-03T19:15:10.045023Z[0m [32m INFO[0m [1;32mrch::transfer[0m[32m: [32mSync completed in 317ms[0m
    [2;3mat[0m rch/src/transfer.rs:1100 [2;3mon[0m ThreadId(1)

  [2m2026-05-03T19:15:10.045119Z[0m [32m INFO[0m [1;32mrch::transfer[0m[32m: [32mSyncing /data/projects/frankenfs/crates/ffs-ext4 -> /data/projects/frankenfs/crates/ffs-ext4 on ts2[0m
    [2;3mat[0m rch/src/transfer.rs:1031 [2;3mon[0m ThreadId(1)

  [2m2026-05-03T19:15:10.359425Z[0m [32m INFO[0m [1;32mrch::transfer[0m[32m: [32mSync completed in 314ms[0m
    [2;3mat[0m rch/src/transfer.rs:1100 [2;3mon[0m ThreadId(1)

  [2m2026-05-03T19:15:10.359543Z[0m [32m INFO[0m [1;32mrch::transfer[0m[32m: [32mSyncing /data/projects/frankenfs/crates/ffs-extent -> /data/projects/frankenfs/crates/ffs-extent on ts2[0m
    [2;3mat[0m rch/src/transfer.rs:1031 [2;3mon[0m ThreadId(1)

  [2m2026-05-03T19:15:10.678525Z[0m [32m INFO[0m [1;32mrch::transfer[0m[32m: [32mSync completed in 318ms[0m
    [2;3mat[0m rch/src/transfer.rs:1100 [2;3mon[0m ThreadId(1)

  [2m2026-05-03T19:15:10.678658Z[0m [32m INFO[0m [1;32mrch::transfer[0m[32m: [32mSyncing /data/projects/frankenfs/crates/ffs-fuse -> /data/projects/frankenfs/crates/ffs-fuse on ts2[0m
    [2;3mat[0m rch/src/transfer.rs:1031 [2;3mon[0m ThreadId(1)

  [2m2026-05-03T19:15:10.992006Z[0m [32m INFO[0m [1;32mrch::transfer[0m[32m: [32mSync completed in 313ms[0m
    [2;3mat[0m rch/src/transfer.rs:1100 [2;3mon[0m ThreadId(1)

  [2m2026-05-03T19:15:10.992110Z[0m [32m INFO[0m [1;32mrch::transfer[0m[32m: [32mSyncing /data/projects/frankenfs/crates/ffs-harness -> /data/projects/frankenfs/crates/ffs-harness on ts2[0m
    [2;3mat[0m rch/src/transfer.rs:1031 [2;3mon[0m ThreadId(1)

  [2m2026-05-03T19:15:11.307185Z[0m [32m INFO[0m [1;32mrch::transfer[0m[32m: [32mSync completed in 315ms[0m
    [2;3mat[0m rch/src/transfer.rs:1100 [2;3mon[0m ThreadId(1)

  [2m2026-05-03T19:15:11.307283Z[0m [32m INFO[0m [1;32mrch::transfer[0m[32m: [32mSyncing /data/projects/frankenfs/crates/ffs-inode -> /data/projects/frankenfs/crates/ffs-inode on ts2[0m
    [2;3mat[0m rch/src/transfer.rs:1031 [2;3mon[0m ThreadId(1)

  [2m2026-05-03T19:15:11.624205Z[0m [32m INFO[0m [1;32mrch::transfer[0m[32m: [32mSync completed in 316ms[0m
    [2;3mat[0m rch/src/transfer.rs:1100 [2;3mon[0m ThreadId(1)

  [2m2026-05-03T19:15:11.624374Z[0m [32m INFO[0m [1;32mrch::transfer[0m[32m: [32mSyncing /data/projects/frankenfs/crates/ffs-journal -> /data/projects/frankenfs/crates/ffs-journal on ts2[0m
    [2;3mat[0m rch/src/transfer.rs:1031 [2;3mon[0m ThreadId(1)

  [2m2026-05-03T19:15:11.930975Z[0m [32m INFO[0m [1;32mrch::transfer[0m[32m: [32mSync completed in 306ms[0m
    [2;3mat[0m rch/src/transfer.rs:1100 [2;3mon[0m ThreadId(1)

  [2m2026-05-03T19:15:11.931073Z[0m [32m INFO[0m [1;32mrch::transfer[0m[32m: [32mSyncing /data/projects/frankenfs/crates/ffs-mvcc -> /data/projects/frankenfs/crates/ffs-mvcc on ts2[0m
    [2;3mat[0m rch/src/transfer.rs:1031 [2;3mon[0m ThreadId(1)

  [2m2026-05-03T19:15:12.241721Z[0m [32m INFO[0m [1;32mrch::transfer[0m[32m: [32mSync completed in 310ms[0m
    [2;3mat[0m rch/src/transfer.rs:1100 [2;3mon[0m ThreadId(1)

  [2m2026-05-03T19:15:12.241818Z[0m [32m INFO[0m [1;32mrch::transfer[0m[32m: [32mSyncing /data/projects/frankenfs/crates/ffs-ondisk -> /data/projects/frankenfs/crates/ffs-ondisk on ts2[0m
    [2;3mat[0m rch/src/transfer.rs:1031 [2;3mon[0m ThreadId(1)

  [2m2026-05-03T19:15:12.544493Z[0m [32m INFO[0m [1;32mrch::transfer[0m[32m: [32mSync completed in 302ms[0m
    [2;3mat[0m rch/src/transfer.rs:1100 [2;3mon[0m ThreadId(1)

  [2m2026-05-03T19:15:12.544601Z[0m [32m INFO[0m [1;32mrch::transfer[0m[32m: [32mSyncing /data/projects/frankenfs/crates/ffs-repair -> /data/projects/frankenfs/crates/ffs-repair on ts2[0m
    [2;3mat[0m rch/src/transfer.rs:1031 [2;3mon[0m ThreadId(1)

  [2m2026-05-03T19:15:12.849905Z[0m [32m INFO[0m [1;32mrch::transfer[0m[32m: [32mSync completed in 305ms[0m
    [2;3mat[0m rch/src/transfer.rs:1100 [2;3mon[0m ThreadId(1)

  [2m2026-05-03T19:15:12.850039Z[0m [32m INFO[0m [1;32mrch::transfer[0m[32m: [32mSyncing /data/projects/frankenfs/crates/ffs-tui -> /data/projects/frankenfs/crates/ffs-tui on ts2[0m
    [2;3mat[0m rch/src/transfer.rs:1031 [2;3mon[0m ThreadId(1)

  [2m2026-05-03T19:15:13.162613Z[0m [32m INFO[0m [1;32mrch::transfer[0m[32m: [32mSync completed in 312ms[0m
    [2;3mat[0m rch/src/transfer.rs:1100 [2;3mon[0m ThreadId(1)

  [2m2026-05-03T19:15:13.162721Z[0m [32m INFO[0m [1;32mrch::transfer[0m[32m: [32mSyncing /data/projects/frankenfs/crates/ffs-types -> /data/projects/frankenfs/crates/ffs-types on ts2[0m
    [2;3mat[0m rch/src/transfer.rs:1031 [2;3mon[0m ThreadId(1)

  [2m2026-05-03T19:15:13.475845Z[0m [32m INFO[0m [1;32mrch::transfer[0m[32m: [32mSync completed in 313ms[0m
    [2;3mat[0m rch/src/transfer.rs:1100 [2;3mon[0m ThreadId(1)

  [2m2026-05-03T19:15:13.475965Z[0m [32m INFO[0m [1;32mrch::transfer[0m[32m: [32mSyncing /data/projects/frankenfs/crates/ffs-xattr -> /data/projects/frankenfs/crates/ffs-xattr on ts2[0m
    [2;3mat[0m rch/src/transfer.rs:1031 [2;3mon[0m ThreadId(1)

  [2m2026-05-03T19:15:13.785989Z[0m [32m INFO[0m [1;32mrch::transfer[0m[32m: [32mSync completed in 310ms[0m
    [2;3mat[0m rch/src/transfer.rs:1100 [2;3mon[0m ThreadId(1)

  [2m2026-05-03T19:15:13.786103Z[0m [32m INFO[0m [1;32mrch::transfer[0m[32m: [32mSyncing /data/projects/frankenfs/vendor/fuser -> /data/projects/frankenfs/vendor/fuser on ts2[0m
    [2;3mat[0m rch/src/transfer.rs:1031 [2;3mon[0m ThreadId(1)

  [2m2026-05-03T19:15:14.098891Z[0m [32m INFO[0m [1;32mrch::transfer[0m[32m: [32mSync completed in 312ms[0m
    [2;3mat[0m rch/src/transfer.rs:1100 [2;3mon[0m ThreadId(1)

  [2m2026-05-03T19:15:14.098935Z[0m [32m INFO[0m [1;32mrch::hook[0m[32m: [32mSync complete: 29042 files, 1348484 bytes in 7469ms[0m
    [2;3mat[0m rch/src/hook.rs:5142 [2;3mon[0m ThreadId(1)

  [2m2026-05-03T19:15:14.386481Z[0m [32m INFO[0m [1;32mrch::hook[0m[32m: [32mExecuting command remotely: cargo bench --profile release-perf -p ffs-block --features s3fifo --bench arc_cache -- block_cache_s3fifo_mixed_seq70_hot30[0m
    [2;3mat[0m rch/src/hook.rs:5169 [2;3mon[0m ThreadId(1)

  [2m2026-05-03T19:15:14.386538Z[0m [32m INFO[0m [1;32mrch::transfer[0m[32m: [32mRewriting CARGO_TARGET_DIR for remote execution (worker-scoped path): /data/tmp/rch_target_frankenfs_bd_rchk5_2 -> /data/projects/frankenfs/.rch-target[0m
    [2;3mat[0m rch/src/transfer.rs:499 [2;3mon[0m ThreadId(1)

    Finished `release-perf` profile [optimized] target(s) in 0.43s
     Running benches/arc_cache.rs (.rch-target/release-perf/deps/arc_cache-6009747461f06b59)
Gnuplot not found, using plotters backend
Benchmarking block_cache_s3fifo_mixed_seq70_hot30
Benchmarking block_cache_s3fifo_mixed_seq70_hot30: Warming up for 3.0000 s
Benchmarking block_cache_s3fifo_mixed_seq70_hot30: Collecting 100 samples in estimated 6.4542 s (400 iterations)
Benchmarking block_cache_s3fifo_mixed_seq70_hot30: Analyzing
block_cache_s3fifo_mixed_seq70_hot30
                        time:   [16.423 ms 16.650 ms 16.896 ms]
                        change: [+2.8379% +4.8381% +7.0185%] (p = 0.00 < 0.05)
                        Performance has regressed.
Found 4 outliers among 100 measurements (4.00%)
  4 (4.00%) high mild

  [2m2026-05-03T19:15:26.166760Z[0m [32m INFO[0m [1;32mrch::hook[0m[32m: [32mRemote command finished: exit=0 in 11780ms[0m
    [2;3mat[0m rch/src/hook.rs:5290 [2;3mon[0m ThreadId(1)

  [2m2026-05-03T19:15:26.167103Z[0m [32m INFO[0m [1;32mrch::hook[0m[32m: [32mRetrieving build artifacts...[0m
    [2;3mat[0m rch/src/hook.rs:5339 [2;3mon[0m ThreadId(1)

  [2m2026-05-03T19:15:26.167130Z[0m [32m INFO[0m [1;32mrch::transfer[0m[32m: [32mRetrieving artifacts from /data/projects/frankenfs on ts2[0m
    [2;3mat[0m rch/src/transfer.rs:1716 [2;3mon[0m ThreadId(1)

  [2m2026-05-03T19:15:26.559215Z[0m [32m INFO[0m [1;32mrch::transfer[0m[32m: [32mArtifacts retrieved in 392ms (591 files, 324 bytes)[0m
    [2;3mat[0m rch/src/transfer.rs:1755 [2;3mon[0m ThreadId(1)

  [2m2026-05-03T19:15:26.559243Z[0m [32m INFO[0m [1;32mrch::hook[0m[32m: [32mArtifacts retrieved: 591 files, 324 bytes in 392ms[0m
    [2;3mat[0m rch/src/hook.rs:5372 [2;3mon[0m ThreadId(1)

  [2m2026-05-03T19:15:26.559329Z[0m [32m INFO[0m [1;32mrch::transfer[0m[32m: [32mRetrieving artifacts from /data/projects/frankenfs/.rch-target on ts2[0m
    [2;3mat[0m rch/src/transfer.rs:1716 [2;3mon[0m ThreadId(1)

  [2m2026-05-03T19:15:27.105923Z[0m [32m INFO[0m [1;32mrch::transfer[0m[32m: [32mArtifacts retrieved in 546ms (38434 files, 2001 bytes)[0m
    [2;3mat[0m rch/src/transfer.rs:1755 [2;3mon[0m ThreadId(1)

  [2m2026-05-03T19:15:27.105948Z[0m [32m INFO[0m [1;32mrch::hook[0m[32m: [32mCustom CARGO_TARGET_DIR artifacts retrieved: 38434 files, 2001 bytes in 546ms[0m
    [2;3mat[0m rch/src/hook.rs:5490 [2;3mon[0m ThreadId(1)

[RCH] remote ts2 (21.7s)
