  [2m2026-05-21T07:44:35.654255Z[0m [32m INFO[0m [1;32mrch::hook[0m[32m: [32mSelected worker: ts1 at ubuntu@192.168.1.107 (28 slots, speed 50.0)[0m
    [2;3mat[0m rch/src/hook.rs:513 [2;3mon[0m ThreadId(1)

  [2m2026-05-21T07:44:35.974443Z[0m [32m INFO[0m [1;32mrch::hook[0m[32m: [32mStarting remote compilation pipeline for frankenfs (hash: 436897db3210d54e)[0m
    [2;3mat[0m rch/src/hook.rs:5914 [2;3mon[0m ThreadId(1)

  [2m2026-05-21T07:44:35.974499Z[0m [32m INFO[0m [1;32mrch::hook[0m[32m: [32mPrepared dependency sync manifest for 23 roots[0m
    [2;3mat[0m rch/src/hook.rs:5936 [2;3mon[0m ThreadId(1)

  [2m2026-05-21T07:44:36.931232Z[0m [32m INFO[0m [1;32mrch::hook[0m[32m: [32mSyncing project to worker ts1...[0m
    [2;3mat[0m rch/src/hook.rs:5966 [2;3mon[0m ThreadId(1)

  [2m2026-05-21T07:44:36.931307Z[0m [32m INFO[0m [1;32mrch::transfer[0m[32m: [32mLoaded 2 pattern(s) from .rchignore (total: 41)[0m
    [2;3mat[0m rch/src/transfer.rs:763 [2;3mon[0m ThreadId(1)

  [2m2026-05-21T07:44:36.931317Z[0m [32m INFO[0m [1;32mrch::transfer[0m[32m: [32mSyncing /data/projects/frankenfs -> /data/projects/frankenfs on ts1[0m
    [2;3mat[0m rch/src/transfer.rs:1363 [2;3mon[0m ThreadId(1)

  [2m2026-05-21T07:44:37.597213Z[0m [32m INFO[0m [1;32mrch::transfer[0m[32m: [32mSync completed in 665ms[0m
    [2;3mat[0m rch/src/transfer.rs:1432 [2;3mon[0m ThreadId(1)

  [2m2026-05-21T07:44:37.597319Z[0m [32m INFO[0m [1;32mrch::transfer[0m[32m: [32mSyncing /data/projects/frankenfs/crates/ffs -> /data/projects/frankenfs/crates/ffs on ts1[0m
    [2;3mat[0m rch/src/transfer.rs:1363 [2;3mon[0m ThreadId(1)

  [2m2026-05-21T07:44:37.926052Z[0m [32m INFO[0m [1;32mrch::transfer[0m[32m: [32mSync completed in 328ms[0m
    [2;3mat[0m rch/src/transfer.rs:1432 [2;3mon[0m ThreadId(1)

  [2m2026-05-21T07:44:37.926136Z[0m [32m INFO[0m [1;32mrch::transfer[0m[32m: [32mSyncing /data/projects/frankenfs/crates/ffs-alloc -> /data/projects/frankenfs/crates/ffs-alloc on ts1[0m
    [2;3mat[0m rch/src/transfer.rs:1363 [2;3mon[0m ThreadId(1)

  [2m2026-05-21T07:44:38.250814Z[0m [32m INFO[0m [1;32mrch::transfer[0m[32m: [32mSync completed in 324ms[0m
    [2;3mat[0m rch/src/transfer.rs:1432 [2;3mon[0m ThreadId(1)

  [2m2026-05-21T07:44:38.250925Z[0m [32m INFO[0m [1;32mrch::transfer[0m[32m: [32mSyncing /data/projects/frankenfs/crates/ffs-block -> /data/projects/frankenfs/crates/ffs-block on ts1[0m
    [2;3mat[0m rch/src/transfer.rs:1363 [2;3mon[0m ThreadId(1)

  [2m2026-05-21T07:44:38.575093Z[0m [32m INFO[0m [1;32mrch::transfer[0m[32m: [32mSync completed in 324ms[0m
    [2;3mat[0m rch/src/transfer.rs:1432 [2;3mon[0m ThreadId(1)

  [2m2026-05-21T07:44:38.575183Z[0m [32m INFO[0m [1;32mrch::transfer[0m[32m: [32mSyncing /data/projects/frankenfs/crates/ffs-btree -> /data/projects/frankenfs/crates/ffs-btree on ts1[0m
    [2;3mat[0m rch/src/transfer.rs:1363 [2;3mon[0m ThreadId(1)

  [2m2026-05-21T07:44:38.901808Z[0m [32m INFO[0m [1;32mrch::transfer[0m[32m: [32mSync completed in 326ms[0m
    [2;3mat[0m rch/src/transfer.rs:1432 [2;3mon[0m ThreadId(1)

  [2m2026-05-21T07:44:38.901894Z[0m [32m INFO[0m [1;32mrch::transfer[0m[32m: [32mSyncing /data/projects/frankenfs/crates/ffs-btrfs -> /data/projects/frankenfs/crates/ffs-btrfs on ts1[0m
    [2;3mat[0m rch/src/transfer.rs:1363 [2;3mon[0m ThreadId(1)

  [2m2026-05-21T07:44:39.224004Z[0m [32m INFO[0m [1;32mrch::transfer[0m[32m: [32mSync completed in 322ms[0m
    [2;3mat[0m rch/src/transfer.rs:1432 [2;3mon[0m ThreadId(1)

  [2m2026-05-21T07:44:39.224091Z[0m [32m INFO[0m [1;32mrch::transfer[0m[32m: [32mSyncing /data/projects/frankenfs/crates/ffs-cli -> /data/projects/frankenfs/crates/ffs-cli on ts1[0m
    [2;3mat[0m rch/src/transfer.rs:1363 [2;3mon[0m ThreadId(1)

  [2m2026-05-21T07:44:39.561597Z[0m [32m INFO[0m [1;32mrch::transfer[0m[32m: [32mSync completed in 337ms[0m
    [2;3mat[0m rch/src/transfer.rs:1432 [2;3mon[0m ThreadId(1)

  [2m2026-05-21T07:44:39.561751Z[0m [32m INFO[0m [1;32mrch::transfer[0m[32m: [32mSyncing /data/projects/frankenfs/crates/ffs-core -> /data/projects/frankenfs/crates/ffs-core on ts1[0m
    [2;3mat[0m rch/src/transfer.rs:1363 [2;3mon[0m ThreadId(1)

  [2m2026-05-21T07:44:39.893821Z[0m [32m INFO[0m [1;32mrch::transfer[0m[32m: [32mSync completed in 332ms[0m
    [2;3mat[0m rch/src/transfer.rs:1432 [2;3mon[0m ThreadId(1)

  [2m2026-05-21T07:44:39.893968Z[0m [32m INFO[0m [1;32mrch::transfer[0m[32m: [32mSyncing /data/projects/frankenfs/crates/ffs-dir -> /data/projects/frankenfs/crates/ffs-dir on ts1[0m
    [2;3mat[0m rch/src/transfer.rs:1363 [2;3mon[0m ThreadId(1)

  [2m2026-05-21T07:44:40.219288Z[0m [32m INFO[0m [1;32mrch::transfer[0m[32m: [32mSync completed in 325ms[0m
    [2;3mat[0m rch/src/transfer.rs:1432 [2;3mon[0m ThreadId(1)

  [2m2026-05-21T07:44:40.219391Z[0m [32m INFO[0m [1;32mrch::transfer[0m[32m: [32mSyncing /data/projects/frankenfs/crates/ffs-error -> /data/projects/frankenfs/crates/ffs-error on ts1[0m
    [2;3mat[0m rch/src/transfer.rs:1363 [2;3mon[0m ThreadId(1)

  [2m2026-05-21T07:44:40.550926Z[0m [32m INFO[0m [1;32mrch::transfer[0m[32m: [32mSync completed in 331ms[0m
    [2;3mat[0m rch/src/transfer.rs:1432 [2;3mon[0m ThreadId(1)

  [2m2026-05-21T07:44:40.551046Z[0m [32m INFO[0m [1;32mrch::transfer[0m[32m: [32mSyncing /data/projects/frankenfs/crates/ffs-ext4 -> /data/projects/frankenfs/crates/ffs-ext4 on ts1[0m
    [2;3mat[0m rch/src/transfer.rs:1363 [2;3mon[0m ThreadId(1)

  [2m2026-05-21T07:44:40.879360Z[0m [32m INFO[0m [1;32mrch::transfer[0m[32m: [32mSync completed in 328ms[0m
    [2;3mat[0m rch/src/transfer.rs:1432 [2;3mon[0m ThreadId(1)

  [2m2026-05-21T07:44:40.879492Z[0m [32m INFO[0m [1;32mrch::transfer[0m[32m: [32mSyncing /data/projects/frankenfs/crates/ffs-extent -> /data/projects/frankenfs/crates/ffs-extent on ts1[0m
    [2;3mat[0m rch/src/transfer.rs:1363 [2;3mon[0m ThreadId(1)

  [2m2026-05-21T07:44:41.197348Z[0m [32m INFO[0m [1;32mrch::transfer[0m[32m: [32mSync completed in 317ms[0m
    [2;3mat[0m rch/src/transfer.rs:1432 [2;3mon[0m ThreadId(1)

  [2m2026-05-21T07:44:41.197449Z[0m [32m INFO[0m [1;32mrch::transfer[0m[32m: [32mSyncing /data/projects/frankenfs/crates/ffs-fuse -> /data/projects/frankenfs/crates/ffs-fuse on ts1[0m
    [2;3mat[0m rch/src/transfer.rs:1363 [2;3mon[0m ThreadId(1)

  [2m2026-05-21T07:44:41.528058Z[0m [32m INFO[0m [1;32mrch::transfer[0m[32m: [32mSync completed in 330ms[0m
    [2;3mat[0m rch/src/transfer.rs:1432 [2;3mon[0m ThreadId(1)

  [2m2026-05-21T07:44:41.528186Z[0m [32m INFO[0m [1;32mrch::transfer[0m[32m: [32mSyncing /data/projects/frankenfs/crates/ffs-harness -> /data/projects/frankenfs/crates/ffs-harness on ts1[0m
    [2;3mat[0m rch/src/transfer.rs:1363 [2;3mon[0m ThreadId(1)

  [2m2026-05-21T07:44:41.862845Z[0m [32m INFO[0m [1;32mrch::transfer[0m[32m: [32mSync completed in 334ms[0m
    [2;3mat[0m rch/src/transfer.rs:1432 [2;3mon[0m ThreadId(1)

  [2m2026-05-21T07:44:41.862941Z[0m [32m INFO[0m [1;32mrch::transfer[0m[32m: [32mSyncing /data/projects/frankenfs/crates/ffs-inode -> /data/projects/frankenfs/crates/ffs-inode on ts1[0m
    [2;3mat[0m rch/src/transfer.rs:1363 [2;3mon[0m ThreadId(1)

  [2m2026-05-21T07:44:42.195748Z[0m [32m INFO[0m [1;32mrch::transfer[0m[32m: [32mSync completed in 332ms[0m
    [2;3mat[0m rch/src/transfer.rs:1432 [2;3mon[0m ThreadId(1)

  [2m2026-05-21T07:44:42.195895Z[0m [32m INFO[0m [1;32mrch::transfer[0m[32m: [32mSyncing /data/projects/frankenfs/crates/ffs-journal -> /data/projects/frankenfs/crates/ffs-journal on ts1[0m
    [2;3mat[0m rch/src/transfer.rs:1363 [2;3mon[0m ThreadId(1)

  [2m2026-05-21T07:44:42.523631Z[0m [32m INFO[0m [1;32mrch::transfer[0m[32m: [32mSync completed in 327ms[0m
    [2;3mat[0m rch/src/transfer.rs:1432 [2;3mon[0m ThreadId(1)

  [2m2026-05-21T07:44:42.523738Z[0m [32m INFO[0m [1;32mrch::transfer[0m[32m: [32mSyncing /data/projects/frankenfs/crates/ffs-mvcc -> /data/projects/frankenfs/crates/ffs-mvcc on ts1[0m
    [2;3mat[0m rch/src/transfer.rs:1363 [2;3mon[0m ThreadId(1)

  [2m2026-05-21T07:44:42.841718Z[0m [32m INFO[0m [1;32mrch::transfer[0m[32m: [32mSync completed in 317ms[0m
    [2;3mat[0m rch/src/transfer.rs:1432 [2;3mon[0m ThreadId(1)

  [2m2026-05-21T07:44:42.841824Z[0m [32m INFO[0m [1;32mrch::transfer[0m[32m: [32mSyncing /data/projects/frankenfs/crates/ffs-ondisk -> /data/projects/frankenfs/crates/ffs-ondisk on ts1[0m
    [2;3mat[0m rch/src/transfer.rs:1363 [2;3mon[0m ThreadId(1)

  [2m2026-05-21T07:44:43.167790Z[0m [32m INFO[0m [1;32mrch::transfer[0m[32m: [32mSync completed in 325ms[0m
    [2;3mat[0m rch/src/transfer.rs:1432 [2;3mon[0m ThreadId(1)

  [2m2026-05-21T07:44:43.167899Z[0m [32m INFO[0m [1;32mrch::transfer[0m[32m: [32mSyncing /data/projects/frankenfs/crates/ffs-repair -> /data/projects/frankenfs/crates/ffs-repair on ts1[0m
    [2;3mat[0m rch/src/transfer.rs:1363 [2;3mon[0m ThreadId(1)

  [2m2026-05-21T07:44:43.489715Z[0m [32m INFO[0m [1;32mrch::transfer[0m[32m: [32mSync completed in 321ms[0m
    [2;3mat[0m rch/src/transfer.rs:1432 [2;3mon[0m ThreadId(1)

  [2m2026-05-21T07:44:43.489871Z[0m [32m INFO[0m [1;32mrch::transfer[0m[32m: [32mSyncing /data/projects/frankenfs/crates/ffs-tui -> /data/projects/frankenfs/crates/ffs-tui on ts1[0m
    [2;3mat[0m rch/src/transfer.rs:1363 [2;3mon[0m ThreadId(1)

  [2m2026-05-21T07:44:43.818005Z[0m [32m INFO[0m [1;32mrch::transfer[0m[32m: [32mSync completed in 328ms[0m
    [2;3mat[0m rch/src/transfer.rs:1432 [2;3mon[0m ThreadId(1)

  [2m2026-05-21T07:44:43.818117Z[0m [32m INFO[0m [1;32mrch::transfer[0m[32m: [32mSyncing /data/projects/frankenfs/crates/ffs-types -> /data/projects/frankenfs/crates/ffs-types on ts1[0m
    [2;3mat[0m rch/src/transfer.rs:1363 [2;3mon[0m ThreadId(1)

  [2m2026-05-21T07:44:44.146589Z[0m [32m INFO[0m [1;32mrch::transfer[0m[32m: [32mSync completed in 328ms[0m
    [2;3mat[0m rch/src/transfer.rs:1432 [2;3mon[0m ThreadId(1)

  [2m2026-05-21T07:44:44.146723Z[0m [32m INFO[0m [1;32mrch::transfer[0m[32m: [32mSyncing /data/projects/frankenfs/crates/ffs-xattr -> /data/projects/frankenfs/crates/ffs-xattr on ts1[0m
    [2;3mat[0m rch/src/transfer.rs:1363 [2;3mon[0m ThreadId(1)

  [2m2026-05-21T07:44:44.478318Z[0m [32m INFO[0m [1;32mrch::transfer[0m[32m: [32mSync completed in 331ms[0m
    [2;3mat[0m rch/src/transfer.rs:1432 [2;3mon[0m ThreadId(1)

  [2m2026-05-21T07:44:44.478429Z[0m [32m INFO[0m [1;32mrch::transfer[0m[32m: [32mSyncing /data/projects/frankenfs/vendor/fuser -> /data/projects/frankenfs/vendor/fuser on ts1[0m
    [2;3mat[0m rch/src/transfer.rs:1363 [2;3mon[0m ThreadId(1)

  [2m2026-05-21T07:44:44.810282Z[0m [32m INFO[0m [1;32mrch::transfer[0m[32m: [32mSync completed in 331ms[0m
    [2;3mat[0m rch/src/transfer.rs:1432 [2;3mon[0m ThreadId(1)

  [2m2026-05-21T07:44:44.810355Z[0m [32m INFO[0m [1;32mrch::hook[0m[32m: [32mSync complete: 34326 files, 1615014 bytes in 7863ms[0m
    [2;3mat[0m rch/src/hook.rs:6129 [2;3mon[0m ThreadId(1)

  [2m2026-05-21T07:44:45.459614Z[0m [32m INFO[0m [1;32mrch::hook[0m[32m: [32mExecuting command remotely: cargo bench --profile release-perf -p ffs-repair --bench scrub_codec[0m
    [2;3mat[0m rch/src/hook.rs:6156 [2;3mon[0m ThreadId(1)

  [2m2026-05-21T07:44:45.459660Z[0m [32m INFO[0m [1;32mrch::transfer[0m[32m: [32mRewriting CARGO_TARGET_DIR for remote execution (worker-scoped path): /data/tmp/rch_target_frankenfs_bd_xuo95_32 -> /data/projects/frankenfs/.rch-target-ts1-job-29850584173511268-1779349476931225660-0[0m
    [2;3mat[0m rch/src/transfer.rs:676 [2;3mon[0m ThreadId(1)

Warning: Identity file /home/ubuntu/.ssh/id_rsa not accessible: No such file or directory.
    Updating crates.io index
 Downloading crates ...
  Downloaded alloca v0.4.0
  Downloaded anes v0.1.6
  Downloaded anstyle v1.0.14
  Downloaded asupersync-macros v0.3.1
  Downloaded autocfg v1.5.0
  Downloaded allocator-api2 v0.2.21
  Downloaded arrayref v0.3.9
  Downloaded arrayvec v0.7.6
  Downloaded cfg-if v1.0.4
  Downloaded rand_chacha v0.9.0
  Downloaded rand_core v0.9.5
  Downloaded anyhow v1.0.102
  Downloaded rand v0.9.4
  Downloaded ciborium-io v0.2.2
  Downloaded ciborium-ll v0.2.2
  Downloaded cfg_aliases v0.2.1
  Downloaded cpufeatures v0.3.0
  Downloaded rand_xorshift v0.4.0
  Downloaded same-file v1.0.6
  Downloaded scopeguard v1.2.0
  Downloaded sha1 v0.11.0
  Downloaded bincode_derive-next v2.1.0
  Downloaded block-buffer v0.12.0
  Downloaded clap_lex v1.1.0
  Downloaded quick-error v1.2.3
  Downloaded crossbeam-queue v0.3.12
  Downloaded page_size v0.6.0
  Downloaded crypto-common v0.2.1
  Downloaded rustc_version v0.4.1
  Downloaded unty-next v0.1.1
  Downloaded wait-timeout v0.2.1
  Downloaded equivalent v1.0.2
  Downloaded lazy_static v1.5.0
  Downloaded crc32c v0.6.8
  Downloaded fnv v1.0.7
  Downloaded parking v2.2.1
  Downloaded cast v0.3.0
  Downloaded bit-set v0.8.0
  Downloaded visibility v0.1.1
  Downloaded unarray v0.1.4
  Downloaded itoa v1.0.18
  Downloaded errno v0.3.14
  Downloaded plotters-backend v0.3.7
  Downloaded memoffset v0.9.1
  Downloaded rusty-fork v0.3.1
  Downloaded thiserror-impl v2.0.18
  Downloaded plotters-svg v0.3.7
  Downloaded futures-core v0.3.32
  Downloaded fastrand v2.4.1
  Downloaded lock_api v0.4.14
  Downloaded constant_time_eq v0.4.2
  Downloaded zmij v1.0.21
  Downloaded either v1.15.0
  Downloaded futures-io v0.3.32
  Downloaded ciborium v0.2.2
  Downloaded signal-hook-registry v1.4.8
  Downloaded slab v0.4.12
  Downloaded walkdir v2.5.0
  Downloaded shlex v1.3.0
  Downloaded oorandom v11.1.5
  Downloaded pin-project-internal v1.1.11
  Downloaded prost-derive v0.13.5
  Downloaded cmov v0.5.3
  Downloaded ctutils v0.4.2
  Downloaded tinytemplate v1.2.1
  Downloaded console v0.16.3
  Downloaded crossbeam-deque v0.8.6
  Downloaded franken-kernel v0.3.1
  Downloaded foldhash v0.2.0
  Downloaded criterion-plot v0.8.2
  Downloaded quote v1.0.45
  Downloaded digest v0.11.2
  Downloaded pin-project-lite v0.2.17
  Downloaded bit-vec v0.8.0
  Downloaded franken-evidence v0.3.1
  Downloaded prost v0.13.5
  Downloaded ppv-lite86 v0.2.21
  Downloaded bitflags v2.11.1
  Downloaded const-oid v0.10.2
  Downloaded thread_local v1.1.9
  Downloaded rmp-serde v1.3.1
  Downloaded semver v1.0.28
  Downloaded signal-hook v0.4.4
  Downloaded crossbeam-utils v0.8.21
  Downloaded rmp v0.8.15
  Downloaded tracing-log v0.2.0
  Downloaded find-msvc-tools v0.1.9
  Downloaded nu-ansi-term v0.50.3
  Downloaded crc32fast v1.5.0
  Downloaded hybrid-array v0.4.10
  Downloaded franken-decision v0.3.1
  Downloaded sha2 v0.11.0
  Downloaded hmac v0.13.0
  Downloaded futures-lite v2.6.1
  Downloaded parking_lot_core v0.9.12
  Downloaded crossbeam-epoch v0.9.18
  Downloaded half v2.7.1
  Downloaded bytes v1.11.1
  Downloaded log v0.4.29
  Downloaded smallvec v1.15.1
  Downloaded virtue-next v0.1.3
  Downloaded thiserror v2.0.18
  Downloaded tracing-attributes v0.1.31
  Downloaded getrandom v0.3.4
  Downloaded getrandom v0.4.2
  Downloaded polling v3.11.0
  Downloaded once_cell v1.21.4
  Downloaded parking_lot v0.12.5
  Downloaded pin-project v1.1.11
  Downloaded clap v4.6.1
  Downloaded sharded-slab v0.1.7
  Downloaded tempfile v3.27.0
  Downloaded bincode-next v2.1.0
  Downloaded serde_derive v1.0.228
  Downloaded similar v2.7.0
  Downloaded socket2 v0.6.3
  Downloaded tracing-core v0.1.36
  Downloaded unicode-ident v1.0.24
  Downloaded serde_core v1.0.228
  Downloaded rayon-core v1.13.0
  Downloaded zerocopy-derive v0.8.48
  Downloaded serde v1.0.228
  Downloaded num-traits v0.2.19
  Downloaded typenum v1.20.0
  Downloaded regex v1.12.3
  Downloaded serde_json v1.0.149
  Downloaded proc-macro2 v1.0.106
  Downloaded base64 v0.22.1
  Downloaded cc v1.2.60
  Downloaded indexmap v2.14.0
  Downloaded memchr v2.8.0
  Downloaded rayon v1.12.0
  Downloaded insta v1.47.2
  Downloaded aho-corasick v1.1.4
  Downloaded criterion v0.8.2
  Downloaded plotters v0.3.7
  Downloaded itertools v0.13.0
  Downloaded clap_builder v4.6.0
  Downloaded hashbrown v0.17.0
  Downloaded itertools v0.14.0
  Downloaded blake3 v1.8.4
  Downloaded proptest v1.11.0
  Downloaded tracing-subscriber v0.3.23
  Downloaded nix v0.31.2
  Downloaded zerocopy v0.8.48
  Downloaded syn v2.0.117
  Downloaded regex-syntax v0.8.10
  Downloaded libc v0.2.185
  Downloaded rustix v1.1.4
  Downloaded tracing v0.1.44
  Downloaded regex-automata v0.4.14
  Downloaded linux-raw-sys v0.12.1
  Downloaded asupersync v0.3.1
   Compiling proc-macro2 v1.0.106
   Compiling unicode-ident v1.0.24
   Compiling quote v1.0.45
   Compiling libc v0.2.185
   Compiling serde_core v1.0.228
   Compiling cfg-if v1.0.4
   Compiling serde v1.0.228
   Compiling crossbeam-utils v0.8.21
   Compiling autocfg v1.5.0
   Compiling find-msvc-tools v0.1.9
   Compiling shlex v1.3.0
   Compiling zmij v1.0.21
   Compiling rustix v1.1.4
   Compiling serde_json v1.0.149
   Compiling thiserror v2.0.18
   Compiling rayon-core v1.13.0
   Compiling getrandom v0.4.2
   Compiling semver v1.0.28
   Compiling once_cell v1.21.4
   Compiling parking_lot_core v0.9.12
   Compiling anyhow v1.0.102
   Compiling typenum v1.20.0
   Compiling either v1.15.0
   Compiling cfg_aliases v0.2.1
   Compiling signal-hook v0.4.4
   Compiling virtue-next v0.1.3
   Compiling equivalent v1.0.2
   Compiling allocator-api2 v0.2.21
   Compiling crc32fast v1.5.0
   Compiling bitflags v2.11.1
   Compiling foldhash v0.2.0
   Compiling cpufeatures v0.3.0
   Compiling cmov v0.5.3
   Compiling zerocopy v0.8.48
   Compiling linux-raw-sys v0.12.1
   Compiling const-oid v0.10.2
   Compiling pin-project-lite v0.2.17
   Compiling itoa v1.0.18
   Compiling memchr v2.8.0
   Compiling fastrand v2.4.1
   Compiling getrandom v0.3.4
   Compiling smallvec v1.15.1
   Compiling constant_time_eq v0.4.2
   Compiling arrayref v0.3.9
   Compiling log v0.4.29
   Compiling arrayvec v0.7.6
   Compiling lazy_static v1.5.0
   Compiling scopeguard v1.2.0
   Compiling thread_local v1.1.9
   Compiling cc v1.2.60
   Compiling tracing-core v0.1.36
   Compiling sharded-slab v0.1.7
   Compiling rustc_version v0.4.1
   Compiling futures-io v0.3.32
   Compiling num-traits v0.2.19
   Compiling memoffset v0.9.1
   Compiling lock_api v0.4.14
   Compiling parking v2.2.1
   Compiling nix v0.31.2
   Compiling itertools v0.14.0
   Compiling futures-core v0.3.32
   Compiling nu-ansi-term v0.50.3
   Compiling bytes v1.11.1
   Compiling unty-next v0.1.1
   Compiling ctutils v0.4.2
   Compiling base64 v0.22.1
   Compiling regex-syntax v0.8.10
   Compiling slab v0.4.12
   Compiling crc32c v0.6.8
   Compiling hashbrown v0.17.0
   Compiling ciborium-io v0.2.2
   Compiling bincode_derive-next v2.1.0
   Compiling anstyle v1.0.14
   Compiling plotters-backend v0.3.7
   Compiling clap_lex v1.1.0
   Compiling itertools v0.13.0
   Compiling quick-error v1.2.3
   Compiling futures-lite v2.6.1
   Compiling same-file v1.0.6
   Compiling fnv v1.0.7
   Compiling cast v0.3.0
   Compiling bit-vec v0.8.0
   Compiling anes v0.1.6
   Compiling oorandom v11.1.5
   Compiling unarray v0.1.4
   Compiling similar v2.7.0
   Compiling tracing-log v0.2.0
   Compiling bit-set v0.8.0
   Compiling walkdir v2.5.0
   Compiling hybrid-array v0.4.10
   Compiling clap_builder v4.6.0
   Compiling plotters-svg v0.3.7
   Compiling crossbeam-epoch v0.9.18
   Compiling crossbeam-queue v0.3.12
   Compiling blake3 v1.8.4
   Compiling alloca v0.4.0
   Compiling tracing-subscriber v0.3.23
   Compiling crossbeam-deque v0.8.6
   Compiling indexmap v2.14.0
   Compiling syn v2.0.117
   Compiling block-buffer v0.12.0
   Compiling crypto-common v0.2.1
   Compiling rmp v0.8.15
   Compiling plotters v0.3.7
   Compiling rayon v1.12.0
   Compiling digest v0.11.2
   Compiling errno v0.3.14
   Compiling socket2 v0.6.3
   Compiling wait-timeout v0.2.1
   Compiling page_size v0.6.0
   Compiling console v0.16.3
   Compiling signal-hook-registry v1.4.8
   Compiling hmac v0.13.0
   Compiling sha1 v0.11.0
   Compiling sha2 v0.11.0
   Compiling rand_core v0.9.5
   Compiling parking_lot v0.12.5
   Compiling criterion-plot v0.8.2
   Compiling regex-automata v0.4.14
   Compiling rand_xorshift v0.4.0
   Compiling rand v0.9.4
   Compiling clap v4.6.1
   Compiling polling v3.11.0
   Compiling tempfile v3.27.0
   Compiling rusty-fork v0.3.1
   Compiling insta v1.47.2
   Compiling regex v1.12.3
   Compiling serde_derive v1.0.228
   Compiling thiserror-impl v2.0.18
   Compiling tracing-attributes v0.1.31
   Compiling prost-derive v0.13.5
   Compiling pin-project-internal v1.1.11
   Compiling zerocopy-derive v0.8.48
   Compiling asupersync-macros v0.3.1
   Compiling visibility v0.1.1
   Compiling pin-project v1.1.11
   Compiling tracing v0.1.44
   Compiling ffs-error v0.1.0 (/data/projects/frankenfs/crates/ffs-error)
   Compiling prost v0.13.5
   Compiling franken-evidence v0.3.1
   Compiling franken-kernel v0.3.1
   Compiling rmp-serde v1.3.1
   Compiling ffs-types v0.1.0 (/data/projects/frankenfs/crates/ffs-types)
   Compiling tinytemplate v1.2.1
   Compiling bincode-next v2.1.0
   Compiling ffs-ondisk v0.1.0 (/data/projects/frankenfs/crates/ffs-ondisk)
   Compiling franken-decision v0.3.1
   Compiling asupersync v0.3.1
   Compiling half v2.7.1
   Compiling ppv-lite86 v0.2.21
   Compiling ciborium-ll v0.2.2
   Compiling rand_chacha v0.9.0
   Compiling ciborium v0.2.2
   Compiling proptest v1.11.0
   Compiling criterion v0.8.2
   Compiling ffs-block v0.1.0 (/data/projects/frankenfs/crates/ffs-block)
   Compiling ffs-repair v0.1.0 (/data/projects/frankenfs/crates/ffs-repair)
    Finished `release-perf` profile [optimized] target(s) in 2m 13s
     Running benches/scrub_codec.rs (.rch-target-ts1-job-29850584173511268-1779349476931225660-0/release-perf/deps/scrub_codec-ef0a8c85a60e37d8)
Gnuplot not found, using plotters backend
Benchmarking scrub_clean_256blocks
Benchmarking scrub_clean_256blocks: Warming up for 3.0000 s
Benchmarking scrub_clean_256blocks: Collecting 100 samples in estimated 5.2976 s (76k iterations)
Benchmarking scrub_clean_256blocks: Analyzing
scrub_clean_256blocks   time:   [69.112 µs 69.782 µs 70.514 µs]
Found 6 outliers among 100 measurements (6.00%)
  6 (6.00%) high mild

Benchmarking scrub_corrupted_256blocks
Benchmarking scrub_corrupted_256blocks: Warming up for 3.0000 s
Benchmarking scrub_corrupted_256blocks: Collecting 100 samples in estimated 5.3283 s (76k iterations)
Benchmarking scrub_corrupted_256blocks: Analyzing
scrub_corrupted_256blocks
                        time:   [69.962 µs 70.981 µs 72.077 µs]
Found 7 outliers among 100 measurements (7.00%)
  5 (5.00%) high mild
  2 (2.00%) high severe

Benchmarking raptorq_encode_group_16blocks
Benchmarking raptorq_encode_group_16blocks: Warming up for 3.0000 s
Benchmarking raptorq_encode_group_16blocks: Collecting 100 samples in estimated 5.5979 s (20k iterations)
Benchmarking raptorq_encode_group_16blocks: Analyzing
raptorq_encode_group_16blocks
                        time:   [276.30 µs 278.68 µs 281.12 µs]
Found 5 outliers among 100 measurements (5.00%)
  5 (5.00%) high mild

Benchmarking raptorq_decode_group_16blocks
Benchmarking raptorq_decode_group_16blocks: Warming up for 3.0000 s
Benchmarking raptorq_decode_group_16blocks: Collecting 100 samples in estimated 6.3118 s (10k iterations)
Benchmarking raptorq_decode_group_16blocks: Analyzing
raptorq_decode_group_16blocks
                        time:   [616.50 µs 625.09 µs 634.56 µs]
Found 4 outliers among 100 measurements (4.00%)
  4 (4.00%) high mild

Benchmarking raptorq_decode_group_owned_symbols_16blocks
Benchmarking raptorq_decode_group_owned_symbols_16blocks: Warming up for 3.0000 s
Benchmarking raptorq_decode_group_owned_symbols_16blocks: Collecting 100 samples in estimated 6.2846 s (10k iterations)
Benchmarking raptorq_decode_group_owned_symbols_16blocks: Analyzing
raptorq_decode_group_owned_symbols_16blocks
                        time:   [613.69 µs 620.65 µs 628.14 µs]
Found 5 outliers among 100 measurements (5.00%)
  4 (4.00%) high mild
  1 (1.00%) high severe

Benchmarking raptorq_decode_group_no_corruption_16blocks
Benchmarking raptorq_decode_group_no_corruption_16blocks: Warming up for 3.0000 s
Benchmarking raptorq_decode_group_no_corruption_16blocks: Collecting 100 samples in estimated 5.0001 s (55M iterations)
Benchmarking raptorq_decode_group_no_corruption_16blocks: Analyzing
raptorq_decode_group_no_corruption_16blocks
                        time:   [90.619 ns 91.721 ns 92.921 ns]
Found 3 outliers among 100 measurements (3.00%)
  3 (3.00%) high mild

Benchmarking lrc_encode_global_64blocks_8parity
Benchmarking lrc_encode_global_64blocks_8parity: Warming up for 3.0000 s
Benchmarking lrc_encode_global_64blocks_8parity: Collecting 100 samples in estimated 7.5645 s (10k iterations)
Benchmarking lrc_encode_global_64blocks_8parity: Analyzing
lrc_encode_global_64blocks_8parity
                        time:   [726.59 µs 735.55 µs 745.49 µs]
Found 1 outliers among 100 measurements (1.00%)
  1 (1.00%) high mild

Benchmarking repair_symbol_refresh_staleness_latency
Benchmarking repair_symbol_refresh_staleness_latency: Warming up for 3.0000 s
Benchmarking repair_symbol_refresh_staleness_latency: Collecting 100 samples in estimated 5.0001 s (78M iterations)
Benchmarking repair_symbol_refresh_staleness_latency: Analyzing
repair_symbol_refresh_staleness_latency
                        time:   [64.598 ns 65.609 ns 66.704 ns]
Found 3 outliers among 100 measurements (3.00%)
  3 (3.00%) high mild

  [2m2026-05-21T07:48:25.007851Z[0m [32m INFO[0m [1;32mrch::hook[0m[32m: [32mRemote command finished: exit=0 in 219548ms[0m
    [2;3mat[0m rch/src/hook.rs:6280 [2;3mon[0m ThreadId(1)

  [2m2026-05-21T07:48:25.008404Z[0m [32m INFO[0m [1;32mrch::hook[0m[32m: [32mRetrieving build artifacts...[0m
    [2;3mat[0m rch/src/hook.rs:6329 [2;3mon[0m ThreadId(1)

  [2m2026-05-21T07:48:25.008457Z[0m [32m INFO[0m [1;32mrch::transfer[0m[32m: [32mRetrieving artifacts from /data/projects/frankenfs on ts1[0m
    [2;3mat[0m rch/src/transfer.rs:2033 [2;3mon[0m ThreadId(1)

  [2m2026-05-21T07:48:25.008495Z[0m [32m INFO[0m [1;32mrch::transfer[0m[32m: [32mLoaded 2 retrieval exclude pattern(s) from .rchignore (total: 6)[0m
    [2;3mat[0m rch/src/transfer.rs:872 [2;3mon[0m ThreadId(1)

  [2m2026-05-21T07:48:25.314154Z[0m [32m INFO[0m [1;32mrch::transfer[0m[32m: [32mArtifacts retrieved in 305ms (2 files, 2963 bytes)[0m
    [2;3mat[0m rch/src/transfer.rs:2072 [2;3mon[0m ThreadId(1)

  [2m2026-05-21T07:48:25.314180Z[0m [32m INFO[0m [1;32mrch::hook[0m[32m: [32mArtifacts retrieved: 2 files, 2963 bytes in 305ms[0m
    [2;3mat[0m rch/src/hook.rs:6362 [2;3mon[0m ThreadId(1)

  [2m2026-05-21T07:48:25.314261Z[0m [32m INFO[0m [1;32mrch::transfer[0m[32m: [32mRetrieving artifacts from /data/projects/frankenfs/.rch-target-ts1-job-29850584173511268-1779349476931225660-0 on ts1[0m
    [2;3mat[0m rch/src/transfer.rs:2033 [2;3mon[0m ThreadId(1)

  [2m2026-05-21T07:48:25.649725Z[0m [32m INFO[0m [1;32mrch::transfer[0m[32m: [32mArtifacts retrieved in 335ms (566 files, 3334 bytes)[0m
    [2;3mat[0m rch/src/transfer.rs:2072 [2;3mon[0m ThreadId(1)

  [2m2026-05-21T07:48:25.649759Z[0m [32m INFO[0m [1;32mrch::hook[0m[32m: [32mCustom CARGO_TARGET_DIR artifacts retrieved: 566 files, 3334 bytes in 335ms[0m
    [2;3mat[0m rch/src/hook.rs:6486 [2;3mon[0m ThreadId(1)

[RCH] remote ts1 (230.0s)
