  [2m2026-05-21T07:49:02.294877Z[0m [32m INFO[0m [1;32mrch::hook[0m[32m: [32mSelected worker: ts1 at ubuntu@192.168.1.107 (28 slots, speed 50.0)[0m
    [2;3mat[0m rch/src/hook.rs:513 [2;3mon[0m ThreadId(1)

  [2m2026-05-21T07:49:02.616960Z[0m [32m INFO[0m [1;32mrch::hook[0m[32m: [32mStarting remote compilation pipeline for frankenfs (hash: 436897db3210d54e)[0m
    [2;3mat[0m rch/src/hook.rs:5914 [2;3mon[0m ThreadId(1)

  [2m2026-05-21T07:49:02.617017Z[0m [32m INFO[0m [1;32mrch::hook[0m[32m: [32mPrepared dependency sync manifest for 23 roots[0m
    [2;3mat[0m rch/src/hook.rs:5936 [2;3mon[0m ThreadId(1)

  [2m2026-05-21T07:49:03.553845Z[0m [32m INFO[0m [1;32mrch::hook[0m[32m: [32mSyncing project to worker ts1...[0m
    [2;3mat[0m rch/src/hook.rs:5966 [2;3mon[0m ThreadId(1)

  [2m2026-05-21T07:49:03.553940Z[0m [32m INFO[0m [1;32mrch::transfer[0m[32m: [32mLoaded 2 pattern(s) from .rchignore (total: 41)[0m
    [2;3mat[0m rch/src/transfer.rs:763 [2;3mon[0m ThreadId(1)

  [2m2026-05-21T07:49:03.553951Z[0m [32m INFO[0m [1;32mrch::transfer[0m[32m: [32mSyncing /data/projects/frankenfs -> /data/projects/frankenfs on ts1[0m
    [2;3mat[0m rch/src/transfer.rs:1363 [2;3mon[0m ThreadId(1)

  [2m2026-05-21T07:49:04.225886Z[0m [32m INFO[0m [1;32mrch::transfer[0m[32m: [32mSync completed in 671ms[0m
    [2;3mat[0m rch/src/transfer.rs:1432 [2;3mon[0m ThreadId(1)

  [2m2026-05-21T07:49:04.225977Z[0m [32m INFO[0m [1;32mrch::transfer[0m[32m: [32mSyncing /data/projects/frankenfs/crates/ffs -> /data/projects/frankenfs/crates/ffs on ts1[0m
    [2;3mat[0m rch/src/transfer.rs:1363 [2;3mon[0m ThreadId(1)

  [2m2026-05-21T07:49:04.544109Z[0m [32m INFO[0m [1;32mrch::transfer[0m[32m: [32mSync completed in 318ms[0m
    [2;3mat[0m rch/src/transfer.rs:1432 [2;3mon[0m ThreadId(1)

  [2m2026-05-21T07:49:04.544195Z[0m [32m INFO[0m [1;32mrch::transfer[0m[32m: [32mSyncing /data/projects/frankenfs/crates/ffs-alloc -> /data/projects/frankenfs/crates/ffs-alloc on ts1[0m
    [2;3mat[0m rch/src/transfer.rs:1363 [2;3mon[0m ThreadId(1)

  [2m2026-05-21T07:49:04.871460Z[0m [32m INFO[0m [1;32mrch::transfer[0m[32m: [32mSync completed in 327ms[0m
    [2;3mat[0m rch/src/transfer.rs:1432 [2;3mon[0m ThreadId(1)

  [2m2026-05-21T07:49:04.871551Z[0m [32m INFO[0m [1;32mrch::transfer[0m[32m: [32mSyncing /data/projects/frankenfs/crates/ffs-block -> /data/projects/frankenfs/crates/ffs-block on ts1[0m
    [2;3mat[0m rch/src/transfer.rs:1363 [2;3mon[0m ThreadId(1)

  [2m2026-05-21T07:49:05.189029Z[0m [32m INFO[0m [1;32mrch::transfer[0m[32m: [32mSync completed in 317ms[0m
    [2;3mat[0m rch/src/transfer.rs:1432 [2;3mon[0m ThreadId(1)

  [2m2026-05-21T07:49:05.189142Z[0m [32m INFO[0m [1;32mrch::transfer[0m[32m: [32mSyncing /data/projects/frankenfs/crates/ffs-btree -> /data/projects/frankenfs/crates/ffs-btree on ts1[0m
    [2;3mat[0m rch/src/transfer.rs:1363 [2;3mon[0m ThreadId(1)

  [2m2026-05-21T07:49:05.520248Z[0m [32m INFO[0m [1;32mrch::transfer[0m[32m: [32mSync completed in 331ms[0m
    [2;3mat[0m rch/src/transfer.rs:1432 [2;3mon[0m ThreadId(1)

  [2m2026-05-21T07:49:05.520339Z[0m [32m INFO[0m [1;32mrch::transfer[0m[32m: [32mSyncing /data/projects/frankenfs/crates/ffs-btrfs -> /data/projects/frankenfs/crates/ffs-btrfs on ts1[0m
    [2;3mat[0m rch/src/transfer.rs:1363 [2;3mon[0m ThreadId(1)

  [2m2026-05-21T07:49:05.838974Z[0m [32m INFO[0m [1;32mrch::transfer[0m[32m: [32mSync completed in 318ms[0m
    [2;3mat[0m rch/src/transfer.rs:1432 [2;3mon[0m ThreadId(1)

  [2m2026-05-21T07:49:05.839084Z[0m [32m INFO[0m [1;32mrch::transfer[0m[32m: [32mSyncing /data/projects/frankenfs/crates/ffs-cli -> /data/projects/frankenfs/crates/ffs-cli on ts1[0m
    [2;3mat[0m rch/src/transfer.rs:1363 [2;3mon[0m ThreadId(1)

  [2m2026-05-21T07:49:06.176874Z[0m [32m INFO[0m [1;32mrch::transfer[0m[32m: [32mSync completed in 337ms[0m
    [2;3mat[0m rch/src/transfer.rs:1432 [2;3mon[0m ThreadId(1)

  [2m2026-05-21T07:49:06.176972Z[0m [32m INFO[0m [1;32mrch::transfer[0m[32m: [32mSyncing /data/projects/frankenfs/crates/ffs-core -> /data/projects/frankenfs/crates/ffs-core on ts1[0m
    [2;3mat[0m rch/src/transfer.rs:1363 [2;3mon[0m ThreadId(1)

  [2m2026-05-21T07:49:06.503258Z[0m [32m INFO[0m [1;32mrch::transfer[0m[32m: [32mSync completed in 326ms[0m
    [2;3mat[0m rch/src/transfer.rs:1432 [2;3mon[0m ThreadId(1)

  [2m2026-05-21T07:49:06.503350Z[0m [32m INFO[0m [1;32mrch::transfer[0m[32m: [32mSyncing /data/projects/frankenfs/crates/ffs-dir -> /data/projects/frankenfs/crates/ffs-dir on ts1[0m
    [2;3mat[0m rch/src/transfer.rs:1363 [2;3mon[0m ThreadId(1)

  [2m2026-05-21T07:49:06.842428Z[0m [32m INFO[0m [1;32mrch::transfer[0m[32m: [32mSync completed in 339ms[0m
    [2;3mat[0m rch/src/transfer.rs:1432 [2;3mon[0m ThreadId(1)

  [2m2026-05-21T07:49:06.842546Z[0m [32m INFO[0m [1;32mrch::transfer[0m[32m: [32mSyncing /data/projects/frankenfs/crates/ffs-error -> /data/projects/frankenfs/crates/ffs-error on ts1[0m
    [2;3mat[0m rch/src/transfer.rs:1363 [2;3mon[0m ThreadId(1)

  [2m2026-05-21T07:49:07.161376Z[0m [32m INFO[0m [1;32mrch::transfer[0m[32m: [32mSync completed in 318ms[0m
    [2;3mat[0m rch/src/transfer.rs:1432 [2;3mon[0m ThreadId(1)

  [2m2026-05-21T07:49:07.161467Z[0m [32m INFO[0m [1;32mrch::transfer[0m[32m: [32mSyncing /data/projects/frankenfs/crates/ffs-ext4 -> /data/projects/frankenfs/crates/ffs-ext4 on ts1[0m
    [2;3mat[0m rch/src/transfer.rs:1363 [2;3mon[0m ThreadId(1)

  [2m2026-05-21T07:49:07.490167Z[0m [32m INFO[0m [1;32mrch::transfer[0m[32m: [32mSync completed in 328ms[0m
    [2;3mat[0m rch/src/transfer.rs:1432 [2;3mon[0m ThreadId(1)

  [2m2026-05-21T07:49:07.490254Z[0m [32m INFO[0m [1;32mrch::transfer[0m[32m: [32mSyncing /data/projects/frankenfs/crates/ffs-extent -> /data/projects/frankenfs/crates/ffs-extent on ts1[0m
    [2;3mat[0m rch/src/transfer.rs:1363 [2;3mon[0m ThreadId(1)

  [2m2026-05-21T07:49:07.817912Z[0m [32m INFO[0m [1;32mrch::transfer[0m[32m: [32mSync completed in 327ms[0m
    [2;3mat[0m rch/src/transfer.rs:1432 [2;3mon[0m ThreadId(1)

  [2m2026-05-21T07:49:07.818002Z[0m [32m INFO[0m [1;32mrch::transfer[0m[32m: [32mSyncing /data/projects/frankenfs/crates/ffs-fuse -> /data/projects/frankenfs/crates/ffs-fuse on ts1[0m
    [2;3mat[0m rch/src/transfer.rs:1363 [2;3mon[0m ThreadId(1)

  [2m2026-05-21T07:49:08.150635Z[0m [32m INFO[0m [1;32mrch::transfer[0m[32m: [32mSync completed in 332ms[0m
    [2;3mat[0m rch/src/transfer.rs:1432 [2;3mon[0m ThreadId(1)

  [2m2026-05-21T07:49:08.150744Z[0m [32m INFO[0m [1;32mrch::transfer[0m[32m: [32mSyncing /data/projects/frankenfs/crates/ffs-harness -> /data/projects/frankenfs/crates/ffs-harness on ts1[0m
    [2;3mat[0m rch/src/transfer.rs:1363 [2;3mon[0m ThreadId(1)

  [2m2026-05-21T07:49:08.481999Z[0m [32m INFO[0m [1;32mrch::transfer[0m[32m: [32mSync completed in 331ms[0m
    [2;3mat[0m rch/src/transfer.rs:1432 [2;3mon[0m ThreadId(1)

  [2m2026-05-21T07:49:08.482118Z[0m [32m INFO[0m [1;32mrch::transfer[0m[32m: [32mSyncing /data/projects/frankenfs/crates/ffs-inode -> /data/projects/frankenfs/crates/ffs-inode on ts1[0m
    [2;3mat[0m rch/src/transfer.rs:1363 [2;3mon[0m ThreadId(1)

  [2m2026-05-21T07:49:08.807576Z[0m [32m INFO[0m [1;32mrch::transfer[0m[32m: [32mSync completed in 325ms[0m
    [2;3mat[0m rch/src/transfer.rs:1432 [2;3mon[0m ThreadId(1)

  [2m2026-05-21T07:49:08.807688Z[0m [32m INFO[0m [1;32mrch::transfer[0m[32m: [32mSyncing /data/projects/frankenfs/crates/ffs-journal -> /data/projects/frankenfs/crates/ffs-journal on ts1[0m
    [2;3mat[0m rch/src/transfer.rs:1363 [2;3mon[0m ThreadId(1)

  [2m2026-05-21T07:49:09.141403Z[0m [32m INFO[0m [1;32mrch::transfer[0m[32m: [32mSync completed in 333ms[0m
    [2;3mat[0m rch/src/transfer.rs:1432 [2;3mon[0m ThreadId(1)

  [2m2026-05-21T07:49:09.141499Z[0m [32m INFO[0m [1;32mrch::transfer[0m[32m: [32mSyncing /data/projects/frankenfs/crates/ffs-mvcc -> /data/projects/frankenfs/crates/ffs-mvcc on ts1[0m
    [2;3mat[0m rch/src/transfer.rs:1363 [2;3mon[0m ThreadId(1)

  [2m2026-05-21T07:49:09.475420Z[0m [32m INFO[0m [1;32mrch::transfer[0m[32m: [32mSync completed in 333ms[0m
    [2;3mat[0m rch/src/transfer.rs:1432 [2;3mon[0m ThreadId(1)

  [2m2026-05-21T07:49:09.475527Z[0m [32m INFO[0m [1;32mrch::transfer[0m[32m: [32mSyncing /data/projects/frankenfs/crates/ffs-ondisk -> /data/projects/frankenfs/crates/ffs-ondisk on ts1[0m
    [2;3mat[0m rch/src/transfer.rs:1363 [2;3mon[0m ThreadId(1)

  [2m2026-05-21T07:49:09.803147Z[0m [32m INFO[0m [1;32mrch::transfer[0m[32m: [32mSync completed in 327ms[0m
    [2;3mat[0m rch/src/transfer.rs:1432 [2;3mon[0m ThreadId(1)

  [2m2026-05-21T07:49:09.803369Z[0m [32m INFO[0m [1;32mrch::transfer[0m[32m: [32mSyncing /data/projects/frankenfs/crates/ffs-repair -> /data/projects/frankenfs/crates/ffs-repair on ts1[0m
    [2;3mat[0m rch/src/transfer.rs:1363 [2;3mon[0m ThreadId(1)

  [2m2026-05-21T07:49:10.149223Z[0m [32m INFO[0m [1;32mrch::transfer[0m[32m: [32mSync completed in 345ms[0m
    [2;3mat[0m rch/src/transfer.rs:1432 [2;3mon[0m ThreadId(1)

  [2m2026-05-21T07:49:10.149335Z[0m [32m INFO[0m [1;32mrch::transfer[0m[32m: [32mSyncing /data/projects/frankenfs/crates/ffs-tui -> /data/projects/frankenfs/crates/ffs-tui on ts1[0m
    [2;3mat[0m rch/src/transfer.rs:1363 [2;3mon[0m ThreadId(1)

  [2m2026-05-21T07:49:10.480366Z[0m [32m INFO[0m [1;32mrch::transfer[0m[32m: [32mSync completed in 330ms[0m
    [2;3mat[0m rch/src/transfer.rs:1432 [2;3mon[0m ThreadId(1)

  [2m2026-05-21T07:49:10.480525Z[0m [32m INFO[0m [1;32mrch::transfer[0m[32m: [32mSyncing /data/projects/frankenfs/crates/ffs-types -> /data/projects/frankenfs/crates/ffs-types on ts1[0m
    [2;3mat[0m rch/src/transfer.rs:1363 [2;3mon[0m ThreadId(1)

  [2m2026-05-21T07:49:10.814000Z[0m [32m INFO[0m [1;32mrch::transfer[0m[32m: [32mSync completed in 333ms[0m
    [2;3mat[0m rch/src/transfer.rs:1432 [2;3mon[0m ThreadId(1)

  [2m2026-05-21T07:49:10.814102Z[0m [32m INFO[0m [1;32mrch::transfer[0m[32m: [32mSyncing /data/projects/frankenfs/crates/ffs-xattr -> /data/projects/frankenfs/crates/ffs-xattr on ts1[0m
    [2;3mat[0m rch/src/transfer.rs:1363 [2;3mon[0m ThreadId(1)

  [2m2026-05-21T07:49:11.138904Z[0m [32m INFO[0m [1;32mrch::transfer[0m[32m: [32mSync completed in 324ms[0m
    [2;3mat[0m rch/src/transfer.rs:1432 [2;3mon[0m ThreadId(1)

  [2m2026-05-21T07:49:11.139015Z[0m [32m INFO[0m [1;32mrch::transfer[0m[32m: [32mSyncing /data/projects/frankenfs/vendor/fuser -> /data/projects/frankenfs/vendor/fuser on ts1[0m
    [2;3mat[0m rch/src/transfer.rs:1363 [2;3mon[0m ThreadId(1)

  [2m2026-05-21T07:49:11.752218Z[0m [32m INFO[0m [1;32mrch::transfer[0m[32m: [32mSync completed in 613ms[0m
    [2;3mat[0m rch/src/transfer.rs:1432 [2;3mon[0m ThreadId(1)

  [2m2026-05-21T07:49:11.752269Z[0m [32m INFO[0m [1;32mrch::hook[0m[32m: [32mSync complete: 34326 files, 1615015 bytes in 8183ms[0m
    [2;3mat[0m rch/src/hook.rs:6129 [2;3mon[0m ThreadId(1)

  [2m2026-05-21T07:49:12.378170Z[0m [32m INFO[0m [1;32mrch::hook[0m[32m: [32mExecuting command remotely: cargo build --profile release-perf -p ffs-cli[0m
    [2;3mat[0m rch/src/hook.rs:6156 [2;3mon[0m ThreadId(1)

  [2m2026-05-21T07:49:12.378205Z[0m [32m INFO[0m [1;32mrch::transfer[0m[32m: [32mRewriting CARGO_TARGET_DIR for remote execution (worker-scoped path): /data/tmp/rch_target_frankenfs_bd_xuo95_32 -> /data/projects/frankenfs/.rch-target-ts1-job-29850584173511272-1779349743553838871-0[0m
    [2;3mat[0m rch/src/transfer.rs:676 [2;3mon[0m ThreadId(1)

Warning: Identity file /home/ubuntu/.ssh/id_rsa not accessible: No such file or directory.
    Updating crates.io index
 Downloading crates ...
  Downloaded arrayref v0.3.9
  Downloaded alloc-no-stdlib v2.0.4
  Downloaded anstyle-query v1.1.5
  Downloaded alloc-stdlib v0.2.2
  Downloaded adler2 v2.0.1
  Downloaded arrayvec v0.7.6
  Downloaded anstyle-parse v1.0.0
  Downloaded block-buffer v0.12.0
  Downloaded futures-core v0.3.32
  Downloaded semver v1.0.28
  Downloaded bincode_derive-next v2.1.0
  Downloaded anyhow v1.0.102
  Downloaded anstream v1.0.0
  Downloaded anstyle v1.0.14
  Downloaded cfg-if v1.0.4
  Downloaded cfg_aliases v0.2.1
  Downloaded colorchoice v1.0.5
  Downloaded clap_lex v1.1.0
  Downloaded cpufeatures v0.3.0
  Downloaded allocator-api2 v0.2.21
  Downloaded crossbeam-queue v0.3.12
  Downloaded lazy_static v1.5.0
  Downloaded scopeguard v1.2.0
  Downloaded memoffset v0.9.1
  Downloaded page_size v0.6.0
  Downloaded errno v0.3.14
  Downloaded is_terminal_polyfill v1.70.2
  Downloaded crypto-common v0.2.1
  Downloaded utf8parse v0.2.2
  Downloaded autocfg v1.5.0
  Downloaded byteorder v1.5.0
  Downloaded const-oid v0.10.2
  Downloaded itoa v1.0.18
  Downloaded ctrlc v3.5.2
  Downloaded matchers v0.2.0
  Downloaded heck v0.5.0
  Downloaded hex v0.4.3
  Downloaded futures-io v0.3.32
  Downloaded parking v2.2.1
  Downloaded equivalent v1.0.2
  Downloaded crc32c v0.6.8
  Downloaded strsim v0.11.1
  Downloaded serde_spanned v1.1.1
  Downloaded constant_time_eq v0.4.2
  Downloaded lock_api v0.4.14
  Downloaded find-msvc-tools v0.1.9
  Downloaded ctutils v0.4.2
  Downloaded jobserver v0.1.34
  Downloaded franken-evidence v0.3.1
  Downloaded asupersync-macros v0.3.1
  Downloaded clap v4.6.1
  Downloaded prost v0.13.5
  Downloaded arc-swap v1.9.1
  Downloaded cmov v0.5.3
  Downloaded fastrand v2.4.1
  Downloaded either v1.15.0
  Downloaded nu-ansi-term v0.50.3
  Downloaded foldhash v0.2.0
  Downloaded franken-kernel v0.3.1
  Downloaded unty-next v0.1.1
  Downloaded pin-project-lite v0.2.17
  Downloaded quote v1.0.45
  Downloaded bitflags v2.11.1
  Downloaded clap_derive v4.6.1
  Downloaded digest v0.11.2
  Downloaded once_cell v1.21.4
  Downloaded tracing-serde v0.2.0
  Downloaded parking_lot v0.12.5
  Downloaded prost-derive v0.13.5
  Downloaded crossbeam-deque v0.8.6
  Downloaded pin-project-internal v1.1.11
  Downloaded parking_lot_core v0.9.12
  Downloaded rustc_version v0.4.1
  Downloaded rustversion v1.0.22
  Downloaded sha1 v0.11.0
  Downloaded visibility v0.1.1
  Downloaded signal-hook-registry v1.4.8
  Downloaded toml_writer v1.1.1+spec-1.1.0
  Downloaded slab v0.4.12
  Downloaded thiserror-impl v2.0.18
  Downloaded thiserror-impl v1.0.69
  Downloaded zmij v1.0.21
  Downloaded thiserror v2.0.18
  Downloaded crc32fast v1.5.0
  Downloaded crossbeam-utils v0.8.21
  Downloaded franken-decision v0.3.1
  Downloaded hmac v0.13.0
  Downloaded hybrid-array v0.4.10
  Downloaded pkg-config v0.3.33
  Downloaded base64 v0.22.1
  Downloaded crossbeam-epoch v0.9.18
  Downloaded futures-lite v2.6.1
  Downloaded log v0.4.29
  Downloaded miniz_oxide v0.8.9
  Downloaded num-traits v0.2.19
  Downloaded pin-project v1.1.11
  Downloaded polling v3.11.0
  Downloaded proc-macro2 v1.0.106
  Downloaded thread_local v1.1.9
  Downloaded zstd-safe v7.2.4
  Downloaded bincode-next v2.1.0
  Downloaded bytes v1.11.1
  Downloaded getrandom v0.4.2
  Downloaded thiserror v1.0.69
  Downloaded shlex v1.3.0
  Downloaded rayon-core v1.13.0
  Downloaded simd-adler32 v0.3.9
  Downloaded toml_datetime v1.1.1+spec-1.1.0
  Downloaded rmp v0.8.15
  Downloaded serde_core v1.0.228
  Downloaded sha2 v0.11.0
  Downloaded flate2 v1.1.9
  Downloaded memchr v2.8.0
  Downloaded cc v1.2.60
  Downloaded aho-corasick v1.1.4
  Downloaded tracing-log v0.2.0
  Downloaded zstd v0.13.3
  Downloaded rmp-serde v1.3.1
  Downloaded tracing-attributes v0.1.31
  Downloaded virtue-next v0.1.3
  Downloaded indexmap v2.14.0
  Downloaded toml_parser v1.1.2+spec-1.1.0
  Downloaded signal-hook v0.4.4
  Downloaded itertools v0.14.0
  Downloaded clap_builder v4.6.0
  Downloaded serde_derive v1.0.228
  Downloaded hashbrown v0.17.0
  Downloaded tempfile v3.27.0
  Downloaded brotli-decompressor v5.0.0
  Downloaded unicode-ident v1.0.24
  Downloaded tracing-core v0.1.36
  Downloaded serde v1.0.228
  Downloaded sharded-slab v0.1.7
  Downloaded smallvec v1.15.1
  Downloaded socket2 v0.6.3
  Downloaded toml v1.1.2+spec-1.1.0
  Downloaded zerocopy-derive v0.8.48
  Downloaded blake3 v1.8.4
  Downloaded nix v0.29.0
  Downloaded nix v0.31.2
  Downloaded typenum v1.20.0
  Downloaded serde_json v1.0.149
  Downloaded brotli v8.0.2
  Downloaded rayon v1.12.0
  Downloaded winnow v1.0.2
  Downloaded libc v0.2.185
  Downloaded tracing-subscriber v0.3.23
  Downloaded zerocopy v0.8.48
  Downloaded rustix v1.1.4
  Downloaded regex-syntax v0.8.10
  Downloaded syn v2.0.117
  Downloaded tracing v0.1.44
  Downloaded regex-automata v0.4.14
  Downloaded zstd-sys v2.0.16+zstd.1.5.7
  Downloaded linux-raw-sys v0.12.1
  Downloaded asupersync v0.3.1
  Downloaded lzokay-native v0.1.0
   Compiling proc-macro2 v1.0.106
   Compiling quote v1.0.45
   Compiling unicode-ident v1.0.24
   Compiling cfg-if v1.0.4
   Compiling serde_core v1.0.228
   Compiling libc v0.2.185
   Compiling serde v1.0.228
   Compiling find-msvc-tools v0.1.9
   Compiling shlex v1.3.0
   Compiling crossbeam-utils v0.8.21
   Compiling autocfg v1.5.0
   Compiling once_cell v1.21.4
   Compiling cfg_aliases v0.2.1
   Compiling semver v1.0.28
   Compiling pin-project-lite v0.2.17
   Compiling cpufeatures v0.3.0
   Compiling bitflags v2.11.1
   Compiling thiserror v2.0.18
   Compiling typenum v1.20.0
   Compiling anyhow v1.0.102
   Compiling equivalent v1.0.2
   Compiling zmij v1.0.21
   Compiling foldhash v0.2.0
   Compiling allocator-api2 v0.2.21
   Compiling rayon-core v1.13.0
   Compiling memchr v2.8.0
   Compiling cmov v0.5.3
   Compiling serde_json v1.0.149
   Compiling constant_time_eq v0.4.2
   Compiling rustix v1.1.4
   Compiling smallvec v1.15.1
   Compiling arrayvec v0.7.6
   Compiling arrayref v0.3.9
   Compiling itoa v1.0.18
   Compiling const-oid v0.10.2
   Compiling either v1.15.0
   Compiling linux-raw-sys v0.12.1
   Compiling parking_lot_core v0.9.12
   Compiling log v0.4.29
   Compiling getrandom v0.4.2
   Compiling crc32fast v1.5.0
   Compiling regex-syntax v0.8.10
   Compiling virtue-next v0.1.3
   Compiling fastrand v2.4.1
   Compiling scopeguard v1.2.0
   Compiling signal-hook v0.4.4
   Compiling lazy_static v1.5.0
   Compiling unty-next v0.1.1
   Compiling futures-core v0.3.32
   Compiling nu-ansi-term v0.50.3
   Compiling bytes v1.11.1
   Compiling parking v2.2.1
   Compiling futures-io v0.3.32
   Compiling base64 v0.22.1
   Compiling tracing-core v0.1.36
   Compiling rustc_version v0.4.1
   Compiling nix v0.31.2
   Compiling thread_local v1.1.9
   Compiling slab v0.4.12
   Compiling pkg-config v0.3.33
   Compiling zstd-safe v7.2.4
   Compiling rustversion v1.0.22
   Compiling alloc-no-stdlib v2.0.4
   Compiling thiserror v1.0.69
   Compiling nix v0.29.0
   Compiling zerocopy v0.8.48
   Compiling simd-adler32 v0.3.9
   Compiling adler2 v2.0.1
   Compiling utf8parse v0.2.2
   Compiling byteorder v1.5.0
   Compiling fuser v0.17.0 (/data/projects/frankenfs/vendor/fuser)
   Compiling anstyle-query v1.1.5
   Compiling colorchoice v1.0.5
   Compiling hashbrown v0.17.0
   Compiling ctutils v0.4.2
   Compiling memoffset v0.9.1
   Compiling num-traits v0.2.19
   Compiling itertools v0.14.0
   Compiling lock_api v0.4.14
   Compiling sharded-slab v0.1.7
   Compiling futures-lite v2.6.1
   Compiling winnow v1.0.2
   Compiling anstyle v1.0.14
   Compiling is_terminal_polyfill v1.70.2
   Compiling strsim v0.11.1
   Compiling clap_lex v1.1.0
   Compiling toml_writer v1.1.1+spec-1.1.0
   Compiling heck v0.5.0
   Compiling hex v0.4.3
   Compiling crc32c v0.6.8
   Compiling tracing-log v0.2.0
   Compiling alloc-stdlib v0.2.2
   Compiling miniz_oxide v0.8.9
   Compiling anstyle-parse v1.0.0
   Compiling bincode_derive-next v2.1.0
   Compiling brotli-decompressor v5.0.0
   Compiling anstream v1.0.0
   Compiling hybrid-array v0.4.10
   Compiling crossbeam-epoch v0.9.18
   Compiling crossbeam-queue v0.3.12
   Compiling toml_parser v1.1.2+spec-1.1.0
   Compiling syn v2.0.117
   Compiling clap_builder v4.6.0
   Compiling flate2 v1.1.9
   Compiling crossbeam-deque v0.8.6
   Compiling arc-swap v1.9.1
   Compiling indexmap v2.14.0
   Compiling crypto-common v0.2.1
   Compiling block-buffer v0.12.0
   Compiling jobserver v0.1.34
   Compiling regex-automata v0.4.14
   Compiling rmp v0.8.15
   Compiling cc v1.2.60
   Compiling brotli v8.0.2
   Compiling rayon v1.12.0
   Compiling errno v0.3.14
   Compiling socket2 v0.6.3
   Compiling page_size v0.6.0
   Compiling digest v0.11.2
   Compiling signal-hook-registry v1.4.8
   Compiling parking_lot v0.12.5
   Compiling hmac v0.13.0
   Compiling sha1 v0.11.0
   Compiling sha2 v0.11.0
   Compiling blake3 v1.8.4
   Compiling zstd-sys v2.0.16+zstd.1.5.7
   Compiling toml_datetime v1.1.1+spec-1.1.0
   Compiling serde_spanned v1.1.1
   Compiling toml v1.1.2+spec-1.1.0
   Compiling tempfile v3.27.0
   Compiling polling v3.11.0
   Compiling matchers v0.2.0
   Compiling ctrlc v3.5.2
   Compiling serde_derive v1.0.228
   Compiling thiserror-impl v2.0.18
   Compiling tracing-attributes v0.1.31
   Compiling pin-project-internal v1.1.11
   Compiling prost-derive v0.13.5
   Compiling visibility v0.1.1
   Compiling asupersync-macros v0.3.1
   Compiling thiserror-impl v1.0.69
   Compiling zerocopy-derive v0.8.48
   Compiling clap_derive v4.6.1
   Compiling pin-project v1.1.11
   Compiling tracing v0.1.44
   Compiling lzokay-native v0.1.0
   Compiling ffs-error v0.1.0 (/data/projects/frankenfs/crates/ffs-error)
   Compiling prost v0.13.5
   Compiling clap v4.6.1
   Compiling ffs-types v0.1.0 (/data/projects/frankenfs/crates/ffs-types)
   Compiling tracing-serde v0.2.0
   Compiling franken-kernel v0.3.1
   Compiling franken-evidence v0.3.1
   Compiling rmp-serde v1.3.1
   Compiling bincode-next v2.1.0
   Compiling tracing-subscriber v0.3.23
   Compiling ffs-ondisk v0.1.0 (/data/projects/frankenfs/crates/ffs-ondisk)
   Compiling franken-decision v0.3.1
   Compiling asupersync v0.3.1
   Compiling ffs-dir v0.1.0 (/data/projects/frankenfs/crates/ffs-dir)
   Compiling ffs-xattr v0.1.0 (/data/projects/frankenfs/crates/ffs-xattr)
   Compiling zstd v0.13.3
   Compiling ffs-block v0.1.0 (/data/projects/frankenfs/crates/ffs-block)
   Compiling ffs-repair v0.1.0 (/data/projects/frankenfs/crates/ffs-repair)
   Compiling ffs-alloc v0.1.0 (/data/projects/frankenfs/crates/ffs-alloc)
   Compiling ffs-btree v0.1.0 (/data/projects/frankenfs/crates/ffs-btree)
   Compiling ffs-journal v0.1.0 (/data/projects/frankenfs/crates/ffs-journal)
   Compiling ffs-extent v0.1.0 (/data/projects/frankenfs/crates/ffs-extent)
   Compiling ffs-inode v0.1.0 (/data/projects/frankenfs/crates/ffs-inode)
   Compiling ffs-mvcc v0.1.0 (/data/projects/frankenfs/crates/ffs-mvcc)
   Compiling ffs-btrfs v0.1.0 (/data/projects/frankenfs/crates/ffs-btrfs)
warning: unused import: `debug`
  --> crates/ffs-btrfs/src/crash_consistency.rs:12:15
   |
12 | use tracing::{debug, info, trace, warn};
   |               ^^^^^
   |
   = note: `#[warn(unused_imports)]` (part of `#[warn(unused)]`) on by default

warning: unused import: `VecDeque`
  --> crates/ffs-btrfs/src/writeback.rs:20:44
   |
20 | use std::collections::{BTreeMap, BTreeSet, VecDeque};
   |                                            ^^^^^^^^

warning: unused variable: `dag`
   --> crates/ffs-btrfs/src/crash_consistency.rs:208:45
    |
208 |     pub fn pre_flush(&mut self, block: u64, dag: &WriteDependencyDag) {
    |                                             ^^^ help: if this is intentional, prefix it with an underscore: `_dag`
    |
    = note: `#[warn(unused_variables)]` (part of `#[warn(unused)]`) on by default

warning: unused variable: `dag`
   --> crates/ffs-btrfs/src/crash_consistency.rs:220:46
    |
220 |     pub fn post_flush(&mut self, block: u64, dag: &WriteDependencyDag) {
    |                                              ^^^ help: if this is intentional, prefix it with an underscore: `_dag`

warning: unused variable: `dag`
   --> crates/ffs-btrfs/src/crash_consistency.rs:233:37
    |
233 |     pub fn fsync_barrier(&mut self, dag: &WriteDependencyDag) {
    |                                     ^^^ help: if this is intentional, prefix it with an underscore: `_dag`

   Compiling ffs-core v0.1.0 (/data/projects/frankenfs/crates/ffs-core)
warning: `ffs-btrfs` (lib) generated 5 warnings (run `cargo fix --lib -p ffs-btrfs` to apply 5 suggestions)
   Compiling ffs-fuse v0.1.0 (/data/projects/frankenfs/crates/ffs-fuse)
   Compiling ffs-harness v0.1.0 (/data/projects/frankenfs/crates/ffs-harness)
   Compiling ffs-cli v0.1.0 (/data/projects/frankenfs/crates/ffs-cli)
    Finished `release-perf` profile [optimized] target(s) in 3m 30s
  [2m2026-05-21T07:52:43.790523Z[0m [32m INFO[0m [1;32mrch::hook[0m[32m: [32mRemote command finished: exit=0 in 211412ms[0m
    [2;3mat[0m rch/src/hook.rs:6280 [2;3mon[0m ThreadId(1)

  [2m2026-05-21T07:52:43.790913Z[0m [32m INFO[0m [1;32mrch::hook[0m[32m: [32mRetrieving build artifacts...[0m
    [2;3mat[0m rch/src/hook.rs:6329 [2;3mon[0m ThreadId(1)

  [2m2026-05-21T07:52:43.790935Z[0m [32m INFO[0m [1;32mrch::transfer[0m[32m: [32mRetrieving artifacts from /data/projects/frankenfs on ts1[0m
    [2;3mat[0m rch/src/transfer.rs:2033 [2;3mon[0m ThreadId(1)

  [2m2026-05-21T07:52:43.790987Z[0m [32m INFO[0m [1;32mrch::transfer[0m[32m: [32mLoaded 2 retrieval exclude pattern(s) from .rchignore (total: 6)[0m
    [2;3mat[0m rch/src/transfer.rs:872 [2;3mon[0m ThreadId(1)

  [2m2026-05-21T07:52:44.375479Z[0m [32m INFO[0m [1;32mrch::transfer[0m[32m: [32mArtifacts retrieved in 584ms (3 files, 2930 bytes)[0m
    [2;3mat[0m rch/src/transfer.rs:2072 [2;3mon[0m ThreadId(1)

  [2m2026-05-21T07:52:44.375541Z[0m [32m INFO[0m [1;32mrch::hook[0m[32m: [32mArtifacts retrieved: 3 files, 2930 bytes in 584ms[0m
    [2;3mat[0m rch/src/hook.rs:6362 [2;3mon[0m ThreadId(1)

  [2m2026-05-21T07:52:44.375651Z[0m [32m INFO[0m [1;32mrch::transfer[0m[32m: [32mRetrieving artifacts from /data/projects/frankenfs/.rch-target-ts1-job-29850584173511272-1779349743553838871-0 on ts1[0m
    [2;3mat[0m rch/src/transfer.rs:2033 [2;3mon[0m ThreadId(1)

  [2m2026-05-21T07:52:48.296713Z[0m [32m INFO[0m [1;32mrch::transfer[0m[32m: [32mArtifacts retrieved in 3921ms (2017 files, 33102 bytes)[0m
    [2;3mat[0m rch/src/transfer.rs:2072 [2;3mon[0m ThreadId(1)

  [2m2026-05-21T07:52:48.296739Z[0m [32m INFO[0m [1;32mrch::hook[0m[32m: [32mCustom CARGO_TARGET_DIR artifacts retrieved: 2017 files, 33102 bytes in 3921ms[0m
    [2;3mat[0m rch/src/hook.rs:6486 [2;3mon[0m ThreadId(1)

[RCH] remote ts1 (226.0s)
